Using pre-set license
Built from '2021.3/staging' branch; Version is '2021.3.23f1 (213b516bf396) revision 2177873'; Using compiler version '192829333'; Build Type 'Release'
OS: 'Windows 11  (10.0.22621) 64bit Core' Language: 'ja' Physical Memory: 16251 MB
BatchMode: 1, IsHumanControllingUs: 0, StartBugReporterOnCrash: 0, Is64bit: 1, IsPro: 1

COMMAND LINE ARGUMENTS:
D:\2021.3.23f1\Editor\Unity.exe
-adb2
-batchMode
-noUpm
-name
AssetImportWorker5
-projectPath
D:/SoulvaniaProject/EdensDooR
-logFile
Logs/AssetImportWorker5.log
-srvPort
51491
Successfully changed project path to: D:/SoulvaniaProject/EdensDooR
D:/SoulvaniaProject/EdensDooR
[UnityMemory] Configuration Parameters - Can be set up in boot.config
    "memorysetup-bucket-allocator-granularity=16"
    "memorysetup-bucket-allocator-bucket-count=8"
    "memorysetup-bucket-allocator-block-size=33554432"
    "memorysetup-bucket-allocator-block-count=8"
    "memorysetup-main-allocator-block-size=16777216"
    "memorysetup-thread-allocator-block-size=16777216"
    "memorysetup-gfx-main-allocator-block-size=16777216"
    "memorysetup-gfx-thread-allocator-block-size=16777216"
    "memorysetup-cache-allocator-block-size=4194304"
    "memorysetup-typetree-allocator-block-size=2097152"
    "memorysetup-profiler-bucket-allocator-granularity=16"
    "memorysetup-profiler-bucket-allocator-bucket-count=8"
    "memorysetup-profiler-bucket-allocator-block-size=33554432"
    "memorysetup-profiler-bucket-allocator-block-count=8"
    "memorysetup-profiler-allocator-block-size=16777216"
    "memorysetup-profiler-editor-allocator-block-size=1048576"
    "memorysetup-temp-allocator-size-main=16777216"
    "memorysetup-job-temp-allocator-block-size=2097152"
    "memorysetup-job-temp-allocator-block-size-background=1048576"
    "memorysetup-job-temp-allocator-reduction-small-platforms=262144"
    "memorysetup-temp-allocator-size-background-worker=32768"
    "memorysetup-temp-allocator-size-job-worker=262144"
    "memorysetup-temp-allocator-size-preload-manager=33554432"
    "memorysetup-temp-allocator-size-nav-mesh-worker=65536"
    "memorysetup-temp-allocator-size-audio-worker=65536"
    "memorysetup-temp-allocator-size-cloud-worker=32768"
    "memorysetup-temp-allocator-size-gi-baking-worker=262144"
    "memorysetup-temp-allocator-size-gfx=262144"
Player connection [21564] Host "[IP] 192.168.2.136 [Port] 0 [Flags] 2 [Guid] 3260488304 [EditorId] 3260488304 [Version] 1048832 [Id] WindowsEditor(7,LAPTOP-0BMJ3B6K) [Debug] 1 [PackageName] WindowsEditor [ProjectName] Editor" joined multi-casting on [225.0.0.222:54997]...

Player connection [21564] Host "[IP] 192.168.2.136 [Port] 0 [Flags] 2 [Guid] 3260488304 [EditorId] 3260488304 [Version] 1048832 [Id] WindowsEditor(7,LAPTOP-0BMJ3B6K) [Debug] 1 [PackageName] WindowsEditor [ProjectName] Editor" joined alternative multi-casting on [225.0.0.222:34997]...

Refreshing native plugins compatible for Editor in 240.86 ms, found 6 plugins.
Preloading 0 native plugins for Editor in 0.00 ms.
Initialize engine version: 2021.3.23f1 (213b516bf396)
[Subsystems] Discovering subsystems at path D:/2021.3.23f1/Editor/Data/Resources/UnitySubsystems
[Subsystems] Discovering subsystems at path D:/SoulvaniaProject/EdensDooR/Assets
GfxDevice: creating device client; threaded=0; jobified=0
Direct3D:
    Version:  Direct3D 11.0 [level 11.1]
    Renderer: NVIDIA GeForce GTX 1650 Ti (ID=0x1f95)
    Vendor:   NVIDIA
    VRAM:     3950 MB
    Driver:   31.0.15.4633
Shader 'Custom/RainShader': fallback shader 'Particles/Alpha Blended' not found
Initialize mono
Mono path[0] = 'D:/2021.3.23f1/Editor/Data/Managed'
Mono path[1] = 'D:/2021.3.23f1/Editor/Data/MonoBleedingEdge/lib/mono/unityjit-win32'
Mono config path = 'D:/2021.3.23f1/Editor/Data/MonoBleedingEdge/etc'
Using monoOptions --debugger-agent=transport=dt_socket,embedding=1,server=y,suspend=n,address=127.0.0.1:56148
Begin MonoManager ReloadAssembly
Registering precompiled unity dll's ...
Register platform support module: D:/2021.3.23f1/Editor/Data/PlaybackEngines/WindowsStandaloneSupport/UnityEditor.WindowsStandalone.Extensions.dll
Registered in 0.002685 seconds.
Native extension for WindowsStandalone target not found
Refreshing native plugins compatible for Editor in 255.22 ms, found 6 plugins.
Preloading 0 native plugins for Editor in 0.00 ms.
Mono: successfully reloaded assembly
- Completed reload, in  1.383 seconds
Domain Reload Profiling:
	ReloadAssembly (1384ms)
		BeginReloadAssembly (213ms)
			ExecutionOrderSort (0ms)
			DisableScriptedObjects (0ms)
			BackupInstance (0ms)
			ReleaseScriptingObjects (0ms)
			CreateAndSetChildDomain (1ms)
		EndReloadAssembly (989ms)
			LoadAssemblies (212ms)
			RebuildTransferFunctionScriptingTraits (0ms)
			SetupTypeCache (221ms)
			ReleaseScriptCaches (0ms)
			RebuildScriptCaches (56ms)
			SetupLoadedEditorAssemblies (623ms)
				LogAssemblyErrors (0ms)
				InitializePlatformSupportModulesInManaged (11ms)
				SetLoadedEditorAssemblies (0ms)
				RefreshPlugins (255ms)
				BeforeProcessingInitializeOnLoad (2ms)
				ProcessInitializeOnLoadAttributes (263ms)
				ProcessInitializeOnLoadMethodAttributes (91ms)
				AfterProcessingInitializeOnLoad (0ms)
				EditorAssembliesLoaded (0ms)
			ExecutionOrderSort2 (0ms)
			AwakeInstancesAfterBackupRestoration (0ms)
Platform modules already initialized, skipping
Registering precompiled user dll's ...
Registered in 0.011904 seconds.
Begin MonoManager ReloadAssembly
Symbol file LoadedFromMemory doesn't match image D:\SoulvaniaProject\EdensDooR\Library\PackageCache\com.unity.visualscripting@1.8.0\Editor\VisualScripting.Core\Dependencies\YamlDotNet\Unity.VisualScripting.YamlDotNet.dll
Symbol file LoadedFromMemory doesn't match image D:\SoulvaniaProject\EdensDooR\Library\PackageCache\com.unity.visualscripting@1.8.0\Editor\VisualScripting.Core\Dependencies\DotNetZip\Unity.VisualScripting.IonicZip.dll
Native extension for WindowsStandalone target not found
Refreshing native plugins compatible for Editor in 247.09 ms, found 6 plugins.
Preloading 0 native plugins for Editor in 0.00 ms.
Mono: successfully reloaded assembly
- Completed reload, in  8.007 seconds
Domain Reload Profiling:
	ReloadAssembly (8008ms)
		BeginReloadAssembly (289ms)
			ExecutionOrderSort (0ms)
			DisableScriptedObjects (12ms)
			BackupInstance (0ms)
			ReleaseScriptingObjects (0ms)
			CreateAndSetChildDomain (34ms)
		EndReloadAssembly (7277ms)
			LoadAssemblies (1383ms)
			RebuildTransferFunctionScriptingTraits (0ms)
			SetupTypeCache (605ms)
			ReleaseScriptCaches (1ms)
			RebuildScriptCaches (157ms)
			SetupLoadedEditorAssemblies (5099ms)
				LogAssemblyErrors (0ms)
				InitializePlatformSupportModulesInManaged (6ms)
				SetLoadedEditorAssemblies (0ms)
				RefreshPlugins (247ms)
				BeforeProcessingInitializeOnLoad (197ms)
				ProcessInitializeOnLoadAttributes (4576ms)
				ProcessInitializeOnLoadMethodAttributes (69ms)
				AfterProcessingInitializeOnLoad (3ms)
				EditorAssembliesLoaded (0ms)
			ExecutionOrderSort2 (0ms)
			AwakeInstancesAfterBackupRestoration (14ms)
Platform modules already initialized, skipping
========================================================================
Worker process is ready to serve import requests
Shader 'Custom/RainShader': fallback shader 'Particles/Alpha Blended' not found
Launched and connected shader compiler UnityShaderCompiler.exe after 0.32 seconds
Refreshing native plugins compatible for Editor in 1.45 ms, found 6 plugins.
Preloading 0 native plugins for Editor in 0.00 ms.
Unloading 4302 Unused Serialized files (Serialized files now loaded: 0)
Unloading 56 unused Assets / (270.2 KB). Loaded Objects now: 4774.
Memory consumption went from 179.7 MB to 179.4 MB.
Total: 7.288300 ms (FindLiveObjects: 0.511500 ms CreateObjectMapping: 0.637300 ms MarkObjects: 5.879100 ms  DeleteObjects: 0.259200 ms)

AssetImportParameters requested are different than current active one (requested -> active):
  custom:video-decoder-ogg-theora: a1e56fd34408186e4bbccfd4996cb3dc -> 
  custom:container-muxer-webm: aa71ff27fc2769a1b78a27578f13a17b -> 
  custom:container-demuxer-webm: 4f35f7cbe854078d1ac9338744f61a02 -> 
  custom:video-encoder-webm-vp8: eb34c28f22e8b96e1ab97ce403110664 -> 
  custom:video-codec-MediaFoundation-h265: 746d11721c4dcdbdad8f713fa42b33f4 -> 
  custom:audio-encoder-webm-vorbis: bf7c407c2cedff20999df2af8eb42d56 -> 
  custom:framework-win-MediaFoundation: 216162199b28c13a410421893ffa2e32 -> 
  custom:container-demuxer-ogg: 62fdf1f143b41e24485cea50d1cbac27 -> 
  custom:video-decoder-webm-vp8: 9c59270c3fd7afecdb556c50c9e8de78 -> 
  custom:audio-decoder-ogg-vorbis: bf7c407c2cedff20999df2af8eb42d56 -> 
========================================================================
Received Import Request.
  Time since last request: 49353.010192 seconds.
  path: Assets/Graphics/UI/Cursor_Normal.png
  artifactKey: Guid(7c0bf37397b5a2d498ef2f8a4dc0ea9c) Importer(815301076,1909f56bfc062723c751e8b465ee728b)
Start importing Assets/Graphics/UI/Cursor_Normal.png using Guid(7c0bf37397b5a2d498ef2f8a4dc0ea9c) Importer(815301076,1909f56bfc062723c751e8b465ee728b)  -> (artifact id: 'd919d0dac7039ab144700cd80dfd4110') in 0.412384 seconds 
========================================================================
Received Prepare
Registering precompiled user dll's ...
Registered in 0.010968 seconds.
Begin MonoManager ReloadAssembly
Symbol file LoadedFromMemory doesn't match image D:\SoulvaniaProject\EdensDooR\Library\PackageCache\com.unity.visualscripting@1.8.0\Editor\VisualScripting.Core\Dependencies\YamlDotNet\Unity.VisualScripting.YamlDotNet.dll
Symbol file LoadedFromMemory doesn't match image D:\SoulvaniaProject\EdensDooR\Library\PackageCache\com.unity.visualscripting@1.8.0\Editor\VisualScripting.Core\Dependencies\DotNetZip\Unity.VisualScripting.IonicZip.dll
Native extension for WindowsStandalone target not found
Refreshing native plugins compatible for Editor in 1.01 ms, found 6 plugins.
Preloading 0 native plugins for Editor in 0.00 ms.
Mono: successfully reloaded assembly
- Completed reload, in  1.362 seconds
Domain Reload Profiling:
	ReloadAssembly (1363ms)
		BeginReloadAssembly (279ms)
			ExecutionOrderSort (0ms)
			DisableScriptedObjects (23ms)
			BackupInstance (0ms)
			ReleaseScriptingObjects (0ms)
			CreateAndSetChildDomain (101ms)
		EndReloadAssembly (990ms)
			LoadAssemblies (161ms)
			RebuildTransferFunctionScriptingTraits (0ms)
			SetupTypeCache (254ms)
			ReleaseScriptCaches (2ms)
			RebuildScriptCaches (57ms)
			SetupLoadedEditorAssemblies (528ms)
				LogAssemblyErrors (0ms)
				InitializePlatformSupportModulesInManaged (4ms)
				SetLoadedEditorAssemblies (1ms)
				RefreshPlugins (1ms)
				BeforeProcessingInitializeOnLoad (63ms)
				ProcessInitializeOnLoadAttributes (425ms)
				ProcessInitializeOnLoadMethodAttributes (32ms)
				AfterProcessingInitializeOnLoad (2ms)
				EditorAssembliesLoaded (0ms)
			ExecutionOrderSort2 (0ms)
			AwakeInstancesAfterBackupRestoration (7ms)
Platform modules already initialized, skipping
Shader 'Custom/RainShader': fallback shader 'Particles/Alpha Blended' not found
Refreshing native plugins compatible for Editor in 4.13 ms, found 6 plugins.
Preloading 0 native plugins for Editor in 0.00 ms.
Unloading 4272 Unused Serialized files (Serialized files now loaded: 0)
Unloading 31 unused Assets / (236.8 KB). Loaded Objects now: 4792.
Memory consumption went from 176.5 MB to 176.3 MB.
Total: 4.312700 ms (FindLiveObjects: 0.315700 ms CreateObjectMapping: 0.248000 ms MarkObjects: 3.514800 ms  DeleteObjects: 0.233100 ms)

AssetImportParameters requested are different than current active one (requested -> active):
  custom:video-decoder-ogg-theora: a1e56fd34408186e4bbccfd4996cb3dc -> 
  custom:container-muxer-webm: aa71ff27fc2769a1b78a27578f13a17b -> 
  custom:container-demuxer-webm: 4f35f7cbe854078d1ac9338744f61a02 -> 
  custom:video-encoder-webm-vp8: eb34c28f22e8b96e1ab97ce403110664 -> 
  custom:video-codec-MediaFoundation-h265: 746d11721c4dcdbdad8f713fa42b33f4 -> 
  custom:audio-encoder-webm-vorbis: bf7c407c2cedff20999df2af8eb42d56 -> 
  custom:framework-win-MediaFoundation: 216162199b28c13a410421893ffa2e32 -> 
  custom:container-demuxer-ogg: 62fdf1f143b41e24485cea50d1cbac27 -> 
  custom:video-decoder-webm-vp8: 9c59270c3fd7afecdb556c50c9e8de78 -> 
  custom:audio-decoder-ogg-vorbis: bf7c407c2cedff20999df2af8eb42d56 -> 
========================================================================
Received Import Request.
  Time since last request: 5188.917774 seconds.
  path: Assets/SU3DJPFont/TextMeshProFont/Selected/mplus-2p-heavy SDF.asset
  artifactKey: Guid(6628e6c3d971ee34f89d02292ab473ed) Importer(815301076,1909f56bfc062723c751e8b465ee728b)
Start importing Assets/SU3DJPFont/TextMeshProFont/Selected/mplus-2p-heavy SDF.asset using Guid(6628e6c3d971ee34f89d02292ab473ed) Importer(815301076,1909f56bfc062723c751e8b465ee728b)  -> (artifact id: '74d8dfeceb4d1eae7cc0818bc4c2d1bf') in 2.390274 seconds 
========================================================================
Received Import Request.
  Time since last request: 0.000016 seconds.
  path: Assets/SU3DJPFont/TextMeshProFont/Selected/mplus-2p-thin SDF.asset
  artifactKey: Guid(254846f4ed1a55047b794ef5c57e9ae3) Importer(815301076,1909f56bfc062723c751e8b465ee728b)
Start importing Assets/SU3DJPFont/TextMeshProFont/Selected/mplus-2p-thin SDF.asset using Guid(254846f4ed1a55047b794ef5c57e9ae3) Importer(815301076,1909f56bfc062723c751e8b465ee728b)  -> (artifact id: 'c87c166b52d7f080f835df4f5f753731') in 1.466171 seconds 
========================================================================
Received Import Request.
  Time since last request: 0.316646 seconds.
  path: Assets/SU3DJPFont/TextMeshProFont/Dynamic/mplus-2m-thin SDF Dynamic.asset
  artifactKey: Guid(2969ca695cdb331458afd7e08ea97c82) Importer(815301076,1909f56bfc062723c751e8b465ee728b)
Start importing Assets/SU3DJPFont/TextMeshProFont/Dynamic/mplus-2m-thin SDF Dynamic.asset using Guid(2969ca695cdb331458afd7e08ea97c82) Importer(815301076,1909f56bfc062723c751e8b465ee728b)  -> (artifact id: 'de0de956f5f6182db29656ee75e57530') in 0.351846 seconds 
========================================================================
Received Import Request.
  Time since last request: 0.000018 seconds.
  path: Assets/SU3DJPFont/TextMeshProFont/Dynamic/mplus-2p-black SDF Dynamic.asset
  artifactKey: Guid(aaa7f84bf14d93a45806c37a16953942) Importer(815301076,1909f56bfc062723c751e8b465ee728b)
Start importing Assets/SU3DJPFont/TextMeshProFont/Dynamic/mplus-2p-black SDF Dynamic.asset using Guid(aaa7f84bf14d93a45806c37a16953942) Importer(815301076,1909f56bfc062723c751e8b465ee728b)  -> (artifact id: '01740ee4c2eacf4670b32ca4c05f14bb') in 0.042902 seconds 
========================================================================
Received Import Request.
  Time since last request: 0.463382 seconds.
  path: Assets/SU3DJPFont/TextMeshProFont/Selected/mplus-2m-regular SDF.asset
  artifactKey: Guid(c2b6fe52bf6e9234184ddcaffd6bde96) Importer(815301076,1909f56bfc062723c751e8b465ee728b)
Start importing Assets/SU3DJPFont/TextMeshProFont/Selected/mplus-2m-regular SDF.asset using Guid(c2b6fe52bf6e9234184ddcaffd6bde96) Importer(815301076,1909f56bfc062723c751e8b465ee728b)  -> (artifact id: '7cdb9c8bfb3e4794a21bfd92604435f1') in 1.333147 seconds 
========================================================================
Received Import Request.
  Time since last request: 0.000017 seconds.
  path: Assets/SU3DJPFont/TextMeshProFont/Selected/mplus-2c-light SDF.asset
  artifactKey: Guid(cc73e756710017048be3180191be6514) Importer(815301076,1909f56bfc062723c751e8b465ee728b)
Start importing Assets/SU3DJPFont/TextMeshProFont/Selected/mplus-2c-light SDF.asset using Guid(cc73e756710017048be3180191be6514) Importer(815301076,1909f56bfc062723c751e8b465ee728b)  -> (artifact id: '9a6403103f4a5af2412c288bf5b82d9d') in 1.692445 seconds 
========================================================================
Received Import Request.
  Time since last request: 0.000022 seconds.
  path: Assets/SU3DJPFont/TextMeshProFont/Selected/mplus-1c-light SDF.asset
  artifactKey: Guid(da6dd765a7de9fc4b9068a014571ed7e) Importer(815301076,1909f56bfc062723c751e8b465ee728b)
Start importing Assets/SU3DJPFont/TextMeshProFont/Selected/mplus-1c-light SDF.asset using Guid(da6dd765a7de9fc4b9068a014571ed7e) Importer(815301076,1909f56bfc062723c751e8b465ee728b)  -> (artifact id: '816dc0308da57314aec3e840f74d4e33') in 1.539442 seconds 
========================================================================
Received Import Request.
  Time since last request: 0.000015 seconds.
  path: Assets/SU3DJPFont/TextMeshProFont/Dynamic/mplus-1m-bold SDF Dynamic.asset
  artifactKey: Guid(1c83e3436f94f3e4a8e634392f75652a) Importer(815301076,1909f56bfc062723c751e8b465ee728b)
Start importing Assets/SU3DJPFont/TextMeshProFont/Dynamic/mplus-1m-bold SDF Dynamic.asset using Guid(1c83e3436f94f3e4a8e634392f75652a) Importer(815301076,1909f56bfc062723c751e8b465ee728b)  -> (artifact id: '652ec4dfbb81658ae56889e628ef2096') in 0.167083 seconds 
========================================================================
Received Import Request.
  Time since last request: 0.000023 seconds.
  path: Assets/SU3DJPFont/TextMeshProFont/Selected/mplus-1c-medium SDF.asset
  artifactKey: Guid(8b36acc553cf3014fb9e5610c3d60a2d) Importer(815301076,1909f56bfc062723c751e8b465ee728b)
Start importing Assets/SU3DJPFont/TextMeshProFont/Selected/mplus-1c-medium SDF.asset using Guid(8b36acc553cf3014fb9e5610c3d60a2d) Importer(815301076,1909f56bfc062723c751e8b465ee728b)  -> (artifact id: '6dfb76f6a6b2a16d4e19cb0f13dac8ce') in 1.690905 seconds 
========================================================================
Received Import Request.
  Time since last request: 0.000061 seconds.
  path: Assets/SU3DJPFont/TextMeshProFont/Dynamic/mplus-1c-black SDF Dynamic.asset
  artifactKey: Guid(bb779d5c1f115e44c82aa6f81b029f3f) Importer(815301076,1909f56bfc062723c751e8b465ee728b)
Start importing Assets/SU3DJPFont/TextMeshProFont/Dynamic/mplus-1c-black SDF Dynamic.asset using Guid(bb779d5c1f115e44c82aa6f81b029f3f) Importer(815301076,1909f56bfc062723c751e8b465ee728b)  -> (artifact id: '42d815f13f0133aa6837e06b15c554c3') in 0.217708 seconds 
========================================================================
Received Import Request.
  Time since last request: 0.000032 seconds.
  path: Assets/SU3DJPFont/TextMeshProFont/Selected/mplus-1c-bold SDF.asset
  artifactKey: Guid(cdd7b830eb46ebb42abfec333821465a) Importer(815301076,1909f56bfc062723c751e8b465ee728b)
Start importing Assets/SU3DJPFont/TextMeshProFont/Selected/mplus-1c-bold SDF.asset using Guid(cdd7b830eb46ebb42abfec333821465a) Importer(815301076,1909f56bfc062723c751e8b465ee728b)  -> (artifact id: 'b2f237014bd8e6d3c48efe2e106d65ee') in 1.609202 seconds 
========================================================================
Received Import Request.
  Time since last request: 0.000015 seconds.
  path: Assets/SU3DJPFont/TextMeshProFont/Selected/mplus-1c-thin SDF.asset
  artifactKey: Guid(63fc1fdea266fce49a93f347f02e3389) Importer(815301076,1909f56bfc062723c751e8b465ee728b)
Start importing Assets/SU3DJPFont/TextMeshProFont/Selected/mplus-1c-thin SDF.asset using Guid(63fc1fdea266fce49a93f347f02e3389) Importer(815301076,1909f56bfc062723c751e8b465ee728b)  -> (artifact id: 'b0b5d014e12c9058d6663849993c9340') in 1.083904 seconds 
========================================================================
Received Import Request.
  Time since last request: 0.000031 seconds.
  path: Assets/SU3DJPFont/TextMeshProFont/Dynamic/mplus-1c-light SDF Dynamic.asset
  artifactKey: Guid(1b49521a593780140ab98a5973e9712d) Importer(815301076,1909f56bfc062723c751e8b465ee728b)
Start importing Assets/SU3DJPFont/TextMeshProFont/Dynamic/mplus-1c-light SDF Dynamic.asset using Guid(1b49521a593780140ab98a5973e9712d) Importer(815301076,1909f56bfc062723c751e8b465ee728b)  -> (artifact id: '7183899d1b562c36ee0e2a834c1b47d5') in 0.029950 seconds 
========================================================================
Received Import Request.
  Time since last request: 0.000018 seconds.
  path: Assets/SU3DJPFont/TextMeshProFont/Dynamic/mplus-2c-bold SDF Dynamic.asset
  artifactKey: Guid(f86c285d89a38b3419da63ff6d5f1319) Importer(815301076,1909f56bfc062723c751e8b465ee728b)
Start importing Assets/SU3DJPFont/TextMeshProFont/Dynamic/mplus-2c-bold SDF Dynamic.asset using Guid(f86c285d89a38b3419da63ff6d5f1319) Importer(815301076,1909f56bfc062723c751e8b465ee728b)  -> (artifact id: 'b6e1282386374ba3a8f9ff03ea254821') in 0.066252 seconds 
========================================================================
Received Import Request.
  Time since last request: 0.000017 seconds.
  path: Assets/SU3DJPFont/TextMeshProFont/Selected/mplus-1m-light SDF.asset
  artifactKey: Guid(1447738d5ea80244f8423ebedc6e8612) Importer(815301076,1909f56bfc062723c751e8b465ee728b)
Start importing Assets/SU3DJPFont/TextMeshProFont/Selected/mplus-1m-light SDF.asset using Guid(1447738d5ea80244f8423ebedc6e8612) Importer(815301076,1909f56bfc062723c751e8b465ee728b)  -> (artifact id: 'c91f9825144503b511679ba2b9e75866') in 1.430640 seconds 
========================================================================
Received Import Request.
  Time since last request: 0.000037 seconds.
  path: Assets/SU3DJPFont/TextMeshProFont/Selected/mplus-1m-bold SDF.asset
  artifactKey: Guid(aaef09b2bc6f1ed4d95749b6629032da) Importer(815301076,1909f56bfc062723c751e8b465ee728b)
Start importing Assets/SU3DJPFont/TextMeshProFont/Selected/mplus-1m-bold SDF.asset using Guid(aaef09b2bc6f1ed4d95749b6629032da) Importer(815301076,1909f56bfc062723c751e8b465ee728b)  -> (artifact id: '61b133e201f2b0e5b132314d318be0da') in 1.424717 seconds 
========================================================================
Received Import Request.
  Time since last request: 0.000020 seconds.
  path: Assets/SU3DJPFont/TextMeshProFont/Dynamic/mplus-2c-black SDF Dynamic.asset
  artifactKey: Guid(8f6c03dcf79094844b6d0e2e55c2b362) Importer(815301076,1909f56bfc062723c751e8b465ee728b)
Start importing Assets/SU3DJPFont/TextMeshProFont/Dynamic/mplus-2c-black SDF Dynamic.asset using Guid(8f6c03dcf79094844b6d0e2e55c2b362) Importer(815301076,1909f56bfc062723c751e8b465ee728b)  -> (artifact id: '03e70a3071ffa3364ff078ccfba89bd6') in 0.391638 seconds 
========================================================================
Received Import Request.
  Time since last request: 0.000020 seconds.
  path: Assets/SU3DJPFont/TextMeshProFont/Dynamic/mplus-1c-heavy SDF Dynamic.asset
  artifactKey: Guid(ed9accc231f96b141b88b6108567d563) Importer(815301076,1909f56bfc062723c751e8b465ee728b)
Start importing Assets/SU3DJPFont/TextMeshProFont/Dynamic/mplus-1c-heavy SDF Dynamic.asset using Guid(ed9accc231f96b141b88b6108567d563) Importer(815301076,1909f56bfc062723c751e8b465ee728b)  -> (artifact id: '3ea2e194704ce4e6d098342f36550622') in 0.023005 seconds 
========================================================================
Received Import Request.
  Time since last request: 0.000014 seconds.
  path: Assets/SU3DJPFont/TextMeshProFont/Selected/mplus-1c-regular SDF.asset
  artifactKey: Guid(5d9fd4cc1d3d4e64d8f49020f6f51b36) Importer(815301076,1909f56bfc062723c751e8b465ee728b)
Start importing Assets/SU3DJPFont/TextMeshProFont/Selected/mplus-1c-regular SDF.asset using Guid(5d9fd4cc1d3d4e64d8f49020f6f51b36) Importer(815301076,1909f56bfc062723c751e8b465ee728b)  -> (artifact id: 'bcd2b940a42d5c021b2ad5f81967aaac') in 1.198997 seconds 
========================================================================
Received Prepare
Registering precompiled user dll's ...
Registered in 0.011100 seconds.
Begin MonoManager ReloadAssembly
Symbol file LoadedFromMemory doesn't match image D:\SoulvaniaProject\EdensDooR\Library\PackageCache\com.unity.visualscripting@1.8.0\Editor\VisualScripting.Core\Dependencies\YamlDotNet\Unity.VisualScripting.YamlDotNet.dll
Symbol file LoadedFromMemory doesn't match image D:\SoulvaniaProject\EdensDooR\Library\PackageCache\com.unity.visualscripting@1.8.0\Editor\VisualScripting.Core\Dependencies\DotNetZip\Unity.VisualScripting.IonicZip.dll
Native extension for WindowsStandalone target not found
Refreshing native plugins compatible for Editor in 1.35 ms, found 6 plugins.
Preloading 0 native plugins for Editor in 0.00 ms.
Mono: successfully reloaded assembly
- Completed reload, in  1.372 seconds
Domain Reload Profiling:
	ReloadAssembly (1372ms)
		BeginReloadAssembly (192ms)
			ExecutionOrderSort (0ms)
			DisableScriptedObjects (7ms)
			BackupInstance (0ms)
			ReleaseScriptingObjects (0ms)
			CreateAndSetChildDomain (46ms)
		EndReloadAssembly (1073ms)
			LoadAssemblies (167ms)
			RebuildTransferFunctionScriptingTraits (0ms)
			SetupTypeCache (293ms)
			ReleaseScriptCaches (2ms)
			RebuildScriptCaches (64ms)
			SetupLoadedEditorAssemblies (550ms)
				LogAssemblyErrors (0ms)
				InitializePlatformSupportModulesInManaged (5ms)
				SetLoadedEditorAssemblies (1ms)
				RefreshPlugins (1ms)
				BeforeProcessingInitializeOnLoad (77ms)
				ProcessInitializeOnLoadAttributes (427ms)
				ProcessInitializeOnLoadMethodAttributes (36ms)
				AfterProcessingInitializeOnLoad (2ms)
				EditorAssembliesLoaded (0ms)
			ExecutionOrderSort2 (0ms)
			AwakeInstancesAfterBackupRestoration (8ms)
Platform modules already initialized, skipping
Shader 'Custom/RainShader': fallback shader 'Particles/Alpha Blended' not found
Refreshing native plugins compatible for Editor in 3.65 ms, found 6 plugins.
Preloading 0 native plugins for Editor in 0.00 ms.
Unloading 4272 Unused Serialized files (Serialized files now loaded: 0)
Unloading 31 unused Assets / (236.5 KB). Loaded Objects now: 4850.
Memory consumption went from 181.2 MB to 181.0 MB.
Total: 3.351500 ms (FindLiveObjects: 0.321500 ms CreateObjectMapping: 0.271100 ms MarkObjects: 2.633000 ms  DeleteObjects: 0.125300 ms)

AssetImportParameters requested are different than current active one (requested -> active):
  custom:video-decoder-ogg-theora: a1e56fd34408186e4bbccfd4996cb3dc -> 
  custom:container-muxer-webm: aa71ff27fc2769a1b78a27578f13a17b -> 
  custom:container-demuxer-webm: 4f35f7cbe854078d1ac9338744f61a02 -> 
  custom:video-encoder-webm-vp8: eb34c28f22e8b96e1ab97ce403110664 -> 
  custom:video-codec-MediaFoundation-h265: 746d11721c4dcdbdad8f713fa42b33f4 -> 
  custom:audio-encoder-webm-vorbis: bf7c407c2cedff20999df2af8eb42d56 -> 
  custom:framework-win-MediaFoundation: 216162199b28c13a410421893ffa2e32 -> 
  custom:container-demuxer-ogg: 62fdf1f143b41e24485cea50d1cbac27 -> 
  custom:video-decoder-webm-vp8: 9c59270c3fd7afecdb556c50c9e8de78 -> 
  custom:audio-decoder-ogg-vorbis: bf7c407c2cedff20999df2af8eb42d56 -> 
========================================================================
Received Prepare
Registering precompiled user dll's ...
Registered in 0.012936 seconds.
Begin MonoManager ReloadAssembly
Symbol file LoadedFromMemory doesn't match image D:\SoulvaniaProject\EdensDooR\Library\PackageCache\com.unity.visualscripting@1.8.0\Editor\VisualScripting.Core\Dependencies\YamlDotNet\Unity.VisualScripting.YamlDotNet.dll
Symbol file LoadedFromMemory doesn't match image D:\SoulvaniaProject\EdensDooR\Library\PackageCache\com.unity.visualscripting@1.8.0\Editor\VisualScripting.Core\Dependencies\DotNetZip\Unity.VisualScripting.IonicZip.dll
Native extension for WindowsStandalone target not found
Refreshing native plugins compatible for Editor in 0.95 ms, found 6 plugins.
Preloading 0 native plugins for Editor in 0.00 ms.
Mono: successfully reloaded assembly
- Completed reload, in  1.193 seconds
Domain Reload Profiling:
	ReloadAssembly (1194ms)
		BeginReloadAssembly (172ms)
			ExecutionOrderSort (0ms)
			DisableScriptedObjects (6ms)
			BackupInstance (0ms)
			ReleaseScriptingObjects (0ms)
			CreateAndSetChildDomain (44ms)
		EndReloadAssembly (932ms)
			LoadAssemblies (147ms)
			RebuildTransferFunctionScriptingTraits (0ms)
			SetupTypeCache (250ms)
			ReleaseScriptCaches (2ms)
			RebuildScriptCaches (54ms)
			SetupLoadedEditorAssemblies (482ms)
				LogAssemblyErrors (0ms)
				InitializePlatformSupportModulesInManaged (4ms)
				SetLoadedEditorAssemblies (0ms)
				RefreshPlugins (1ms)
				BeforeProcessingInitializeOnLoad (69ms)
				ProcessInitializeOnLoadAttributes (370ms)
				ProcessInitializeOnLoadMethodAttributes (34ms)
				AfterProcessingInitializeOnLoad (3ms)
				EditorAssembliesLoaded (0ms)
			ExecutionOrderSort2 (0ms)
			AwakeInstancesAfterBackupRestoration (8ms)
Platform modules already initialized, skipping
Shader 'Custom/RainShader': fallback shader 'Particles/Alpha Blended' not found
Refreshing native plugins compatible for Editor in 4.14 ms, found 6 plugins.
Preloading 0 native plugins for Editor in 0.00 ms.
Unloading 4272 Unused Serialized files (Serialized files now loaded: 0)
Unloading 31 unused Assets / (236.6 KB). Loaded Objects now: 4865.
Memory consumption went from 181.2 MB to 181.0 MB.
Total: 4.009900 ms (FindLiveObjects: 0.428700 ms CreateObjectMapping: 0.244100 ms MarkObjects: 3.201000 ms  DeleteObjects: 0.135100 ms)

AssetImportParameters requested are different than current active one (requested -> active):
  custom:video-decoder-ogg-theora: a1e56fd34408186e4bbccfd4996cb3dc -> 
  custom:container-muxer-webm: aa71ff27fc2769a1b78a27578f13a17b -> 
  custom:container-demuxer-webm: 4f35f7cbe854078d1ac9338744f61a02 -> 
  custom:video-encoder-webm-vp8: eb34c28f22e8b96e1ab97ce403110664 -> 
  custom:video-codec-MediaFoundation-h265: 746d11721c4dcdbdad8f713fa42b33f4 -> 
  custom:audio-encoder-webm-vorbis: bf7c407c2cedff20999df2af8eb42d56 -> 
  custom:framework-win-MediaFoundation: 216162199b28c13a410421893ffa2e32 -> 
  custom:container-demuxer-ogg: 62fdf1f143b41e24485cea50d1cbac27 -> 
  custom:video-decoder-webm-vp8: 9c59270c3fd7afecdb556c50c9e8de78 -> 
  custom:audio-decoder-ogg-vorbis: bf7c407c2cedff20999df2af8eb42d56 -> 
========================================================================
Received Prepare
Registering precompiled user dll's ...
Registered in 0.011753 seconds.
Begin MonoManager ReloadAssembly
Symbol file LoadedFromMemory doesn't match image D:\SoulvaniaProject\EdensDooR\Library\PackageCache\com.unity.visualscripting@1.8.0\Editor\VisualScripting.Core\Dependencies\YamlDotNet\Unity.VisualScripting.YamlDotNet.dll
Symbol file LoadedFromMemory doesn't match image D:\SoulvaniaProject\EdensDooR\Library\PackageCache\com.unity.visualscripting@1.8.0\Editor\VisualScripting.Core\Dependencies\DotNetZip\Unity.VisualScripting.IonicZip.dll
Native extension for WindowsStandalone target not found
Refreshing native plugins compatible for Editor in 0.93 ms, found 6 plugins.
Preloading 0 native plugins for Editor in 0.00 ms.
Mono: successfully reloaded assembly
- Completed reload, in  1.170 seconds
Domain Reload Profiling:
	ReloadAssembly (1171ms)
		BeginReloadAssembly (176ms)
			ExecutionOrderSort (0ms)
			DisableScriptedObjects (6ms)
			BackupInstance (0ms)
			ReleaseScriptingObjects (0ms)
			CreateAndSetChildDomain (43ms)
		EndReloadAssembly (908ms)
			LoadAssemblies (150ms)
			RebuildTransferFunctionScriptingTraits (0ms)
			SetupTypeCache (235ms)
			ReleaseScriptCaches (1ms)
			RebuildScriptCaches (54ms)
			SetupLoadedEditorAssemblies (480ms)
				LogAssemblyErrors (0ms)
				InitializePlatformSupportModulesInManaged (3ms)
				SetLoadedEditorAssemblies (0ms)
				RefreshPlugins (1ms)
				BeforeProcessingInitializeOnLoad (65ms)
				ProcessInitializeOnLoadAttributes (377ms)
				ProcessInitializeOnLoadMethodAttributes (30ms)
				AfterProcessingInitializeOnLoad (2ms)
				EditorAssembliesLoaded (0ms)
			ExecutionOrderSort2 (0ms)
			AwakeInstancesAfterBackupRestoration (7ms)
Platform modules already initialized, skipping
Shader 'Custom/RainShader': fallback shader 'Particles/Alpha Blended' not found
Refreshing native plugins compatible for Editor in 3.61 ms, found 6 plugins.
Preloading 0 native plugins for Editor in 0.00 ms.
Unloading 4272 Unused Serialized files (Serialized files now loaded: 0)
Unloading 31 unused Assets / (236.8 KB). Loaded Objects now: 4880.
Memory consumption went from 181.2 MB to 181.0 MB.
Total: 4.202200 ms (FindLiveObjects: 0.307200 ms CreateObjectMapping: 0.247000 ms MarkObjects: 3.401900 ms  DeleteObjects: 0.245100 ms)

AssetImportParameters requested are different than current active one (requested -> active):
  custom:video-decoder-ogg-theora: a1e56fd34408186e4bbccfd4996cb3dc -> 
  custom:container-muxer-webm: aa71ff27fc2769a1b78a27578f13a17b -> 
  custom:container-demuxer-webm: 4f35f7cbe854078d1ac9338744f61a02 -> 
  custom:video-encoder-webm-vp8: eb34c28f22e8b96e1ab97ce403110664 -> 
  custom:video-codec-MediaFoundation-h265: 746d11721c4dcdbdad8f713fa42b33f4 -> 
  custom:audio-encoder-webm-vorbis: bf7c407c2cedff20999df2af8eb42d56 -> 
  custom:framework-win-MediaFoundation: 216162199b28c13a410421893ffa2e32 -> 
  custom:container-demuxer-ogg: 62fdf1f143b41e24485cea50d1cbac27 -> 
  custom:video-decoder-webm-vp8: 9c59270c3fd7afecdb556c50c9e8de78 -> 
  custom:audio-decoder-ogg-vorbis: bf7c407c2cedff20999df2af8eb42d56 -> 
========================================================================
Received Prepare
Registering precompiled user dll's ...
Registered in 0.011039 seconds.
Begin MonoManager ReloadAssembly
Symbol file LoadedFromMemory doesn't match image D:\SoulvaniaProject\EdensDooR\Library\PackageCache\com.unity.visualscripting@1.8.0\Editor\VisualScripting.Core\Dependencies\YamlDotNet\Unity.VisualScripting.YamlDotNet.dll
Symbol file LoadedFromMemory doesn't match image D:\SoulvaniaProject\EdensDooR\Library\PackageCache\com.unity.visualscripting@1.8.0\Editor\VisualScripting.Core\Dependencies\DotNetZip\Unity.VisualScripting.IonicZip.dll
Native extension for WindowsStandalone target not found
Refreshing native plugins compatible for Editor in 0.99 ms, found 6 plugins.
Preloading 0 native plugins for Editor in 0.00 ms.
Mono: successfully reloaded assembly
- Completed reload, in  1.178 seconds
Domain Reload Profiling:
	ReloadAssembly (1178ms)
		BeginReloadAssembly (162ms)
			ExecutionOrderSort (0ms)
			DisableScriptedObjects (6ms)
			BackupInstance (0ms)
			ReleaseScriptingObjects (0ms)
			CreateAndSetChildDomain (38ms)
		EndReloadAssembly (925ms)
			LoadAssemblies (144ms)
			RebuildTransferFunctionScriptingTraits (0ms)
			SetupTypeCache (239ms)
			ReleaseScriptCaches (1ms)
			RebuildScriptCaches (52ms)
			SetupLoadedEditorAssemblies (492ms)
				LogAssemblyErrors (0ms)
				InitializePlatformSupportModulesInManaged (4ms)
				SetLoadedEditorAssemblies (0ms)
				RefreshPlugins (1ms)
				BeforeProcessingInitializeOnLoad (68ms)
				ProcessInitializeOnLoadAttributes (386ms)
				ProcessInitializeOnLoadMethodAttributes (31ms)
				AfterProcessingInitializeOnLoad (2ms)
				EditorAssembliesLoaded (0ms)
			ExecutionOrderSort2 (0ms)
			AwakeInstancesAfterBackupRestoration (8ms)
Platform modules already initialized, skipping
Shader 'Custom/RainShader': fallback shader 'Particles/Alpha Blended' not found
Refreshing native plugins compatible for Editor in 3.86 ms, found 6 plugins.
Preloading 0 native plugins for Editor in 0.00 ms.
Unloading 4272 Unused Serialized files (Serialized files now loaded: 0)
Unloading 31 unused Assets / (236.7 KB). Loaded Objects now: 4895.
Memory consumption went from 181.3 MB to 181.0 MB.
Total: 3.644200 ms (FindLiveObjects: 0.358200 ms CreateObjectMapping: 0.332300 ms MarkObjects: 2.745800 ms  DeleteObjects: 0.206800 ms)

AssetImportParameters requested are different than current active one (requested -> active):
  custom:video-decoder-ogg-theora: a1e56fd34408186e4bbccfd4996cb3dc -> 
  custom:container-muxer-webm: aa71ff27fc2769a1b78a27578f13a17b -> 
  custom:container-demuxer-webm: 4f35f7cbe854078d1ac9338744f61a02 -> 
  custom:video-encoder-webm-vp8: eb34c28f22e8b96e1ab97ce403110664 -> 
  custom:video-codec-MediaFoundation-h265: 746d11721c4dcdbdad8f713fa42b33f4 -> 
  custom:audio-encoder-webm-vorbis: bf7c407c2cedff20999df2af8eb42d56 -> 
  custom:framework-win-MediaFoundation: 216162199b28c13a410421893ffa2e32 -> 
  custom:container-demuxer-ogg: 62fdf1f143b41e24485cea50d1cbac27 -> 
  custom:video-decoder-webm-vp8: 9c59270c3fd7afecdb556c50c9e8de78 -> 
  custom:audio-decoder-ogg-vorbis: bf7c407c2cedff20999df2af8eb42d56 -> 
========================================================================
Received Import Request.
  Time since last request: 863.931633 seconds.
  path: Assets/SU3DJPFont/Fonts/MPlusTestflight63a/mplus-1m-medium.ttf
  artifactKey: Guid(8d804c8863accb0458362d2fa96ac648) Importer(815301076,1909f56bfc062723c751e8b465ee728b)
Start importing Assets/SU3DJPFont/Fonts/MPlusTestflight63a/mplus-1m-medium.ttf using Guid(8d804c8863accb0458362d2fa96ac648) Importer(815301076,1909f56bfc062723c751e8b465ee728b)  -> (artifact id: '09b840f9a077d7e2ac325f430c2d1f5b') in 0.138252 seconds 
========================================================================
Received Import Request.
  Time since last request: 0.000022 seconds.
  path: Assets/SU3DJPFont/Fonts/MPlusTestflight63a/mplus-1p-heavy.ttf
  artifactKey: Guid(9d4178bd3264b6243a243a254b89f286) Importer(815301076,1909f56bfc062723c751e8b465ee728b)
Start importing Assets/SU3DJPFont/Fonts/MPlusTestflight63a/mplus-1p-heavy.ttf using Guid(9d4178bd3264b6243a243a254b89f286) Importer(815301076,1909f56bfc062723c751e8b465ee728b)  -> (artifact id: 'd39703cad683f4dcdaa14d2c5eae4d49') in 0.170085 seconds 
========================================================================
Received Import Request.
  Time since last request: 0.000021 seconds.
  path: Assets/SU3DJPFont/Fonts/MPlusTestflight63a/mplus-2p-regular.ttf
  artifactKey: Guid(52ce23d6820ebbd4588456dd3c944df9) Importer(815301076,1909f56bfc062723c751e8b465ee728b)
Start importing Assets/SU3DJPFont/Fonts/MPlusTestflight63a/mplus-2p-regular.ttf using Guid(52ce23d6820ebbd4588456dd3c944df9) Importer(815301076,1909f56bfc062723c751e8b465ee728b)  -> (artifact id: 'ef9eeca8fb40b487624d029f92686f1e') in 0.015802 seconds 
========================================================================
Received Import Request.
  Time since last request: 0.000024 seconds.
  path: Assets/SU3DJPFont/Fonts/MPlusTestflight63a/mplus-1c-light.ttf
  artifactKey: Guid(5fc14a699a1d36a4a8ae87d331d5ca6b) Importer(815301076,1909f56bfc062723c751e8b465ee728b)
Start importing Assets/SU3DJPFont/Fonts/MPlusTestflight63a/mplus-1c-light.ttf using Guid(5fc14a699a1d36a4a8ae87d331d5ca6b) Importer(815301076,1909f56bfc062723c751e8b465ee728b)  -> (artifact id: '1b985cb20bf5ac0a82d04036232e7eda') in 0.063425 seconds 
========================================================================
Received Import Request.
  Time since last request: 0.000019 seconds.
  path: Assets/SU3DJPFont/Fonts/MPlusTestflight63a/mplus-2m-thin.ttf
  artifactKey: Guid(49c6f13e1689b5246aec6c7a3a1e2240) Importer(815301076,1909f56bfc062723c751e8b465ee728b)
Start importing Assets/SU3DJPFont/Fonts/MPlusTestflight63a/mplus-2m-thin.ttf using Guid(49c6f13e1689b5246aec6c7a3a1e2240) Importer(815301076,1909f56bfc062723c751e8b465ee728b)  -> (artifact id: '186970e7a01a2069c9a18b1088627ca8') in 0.014317 seconds 
========================================================================
Received Import Request.
  Time since last request: 0.000021 seconds.
  path: Assets/SU3DJPFont/Fonts/MPlusTestflight63a/mplus-2p-light.ttf
  artifactKey: Guid(57c92973c1933254089ea5b3c48adf65) Importer(815301076,1909f56bfc062723c751e8b465ee728b)
Start importing Assets/SU3DJPFont/Fonts/MPlusTestflight63a/mplus-2p-light.ttf using Guid(57c92973c1933254089ea5b3c48adf65) Importer(815301076,1909f56bfc062723c751e8b465ee728b)  -> (artifact id: '2d70d98cd0a9793f19d2e967db1b2aac') in 0.121540 seconds 
========================================================================
Received Import Request.
  Time since last request: 0.000033 seconds.
  path: Assets/SU3DJPFont/Fonts/MPlusTestflight63a/mplus-2c-thin.ttf
  artifactKey: Guid(f82f6e0d549c45c4396246185a462e1d) Importer(815301076,1909f56bfc062723c751e8b465ee728b)
Start importing Assets/SU3DJPFont/Fonts/MPlusTestflight63a/mplus-2c-thin.ttf using Guid(f82f6e0d549c45c4396246185a462e1d) Importer(815301076,1909f56bfc062723c751e8b465ee728b)  -> (artifact id: '5307bc4c2177ae01408cf6bf39dccab8') in 0.016544 seconds 
========================================================================
Received Import Request.
  Time since last request: 0.000017 seconds.
  path: Assets/SU3DJPFont/Fonts/MPlusTestflight63a/mplus-1p-black.ttf
  artifactKey: Guid(e1ad4755b7977484ca371b50c9b219d1) Importer(815301076,1909f56bfc062723c751e8b465ee728b)
Start importing Assets/SU3DJPFont/Fonts/MPlusTestflight63a/mplus-1p-black.ttf using Guid(e1ad4755b7977484ca371b50c9b219d1) Importer(815301076,1909f56bfc062723c751e8b465ee728b)  -> (artifact id: 'a5a5f9fa009dc4e3e5365b3223055a32') in 0.192965 seconds 
========================================================================
Received Import Request.
  Time since last request: 0.000016 seconds.
  path: Assets/SU3DJPFont/Fonts/MPlusTestflight63a/mplus-2c-light.ttf
  artifactKey: Guid(0bf4dd404c55e6a498cb2b9fc87a7d96) Importer(815301076,1909f56bfc062723c751e8b465ee728b)
Start importing Assets/SU3DJPFont/Fonts/MPlusTestflight63a/mplus-2c-light.ttf using Guid(0bf4dd404c55e6a498cb2b9fc87a7d96) Importer(815301076,1909f56bfc062723c751e8b465ee728b)  -> (artifact id: '74593174278ceaf48b4fbe897614dd4d') in 0.014658 seconds 
========================================================================
Received Import Request.
  Time since last request: 0.000030 seconds.
  path: Assets/SU3DJPFont/Fonts/MPlusTestflight63a/mplus-2c-heavy.ttf
  artifactKey: Guid(26b84f9316527c0498207087e1eafde2) Importer(815301076,1909f56bfc062723c751e8b465ee728b)
Start importing Assets/SU3DJPFont/Fonts/MPlusTestflight63a/mplus-2c-heavy.ttf using Guid(26b84f9316527c0498207087e1eafde2) Importer(815301076,1909f56bfc062723c751e8b465ee728b)  -> (artifact id: '16451ec13b46e5cb3cf8f48895d6c77f') in 0.544458 seconds 
========================================================================
Received Import Request.
  Time since last request: 0.000018 seconds.
  path: Assets/SU3DJPFont/TextMeshProFont/Dynamic/mplus-1mn-medium SDF Dynamic.asset
  artifactKey: Guid(86b13dc419f8c564aac0791dbc331bbb) Importer(815301076,1909f56bfc062723c751e8b465ee728b)
Start importing Assets/SU3DJPFont/TextMeshProFont/Dynamic/mplus-1mn-medium SDF Dynamic.asset using Guid(86b13dc419f8c564aac0791dbc331bbb) Importer(815301076,1909f56bfc062723c751e8b465ee728b)  -> (artifact id: 'd89dffbddba02dfdfa808f94cffe5021') in 0.307366 seconds 
========================================================================
Received Import Request.
  Time since last request: 0.000025 seconds.
  path: Assets/SU3DJPFont/TextMeshProFont/Selected/mplus-1p-bold SDF.asset
  artifactKey: Guid(2b3dd3afc421f9d44bd2945344e7c04c) Importer(815301076,1909f56bfc062723c751e8b465ee728b)
Start importing Assets/SU3DJPFont/TextMeshProFont/Selected/mplus-1p-bold SDF.asset using Guid(2b3dd3afc421f9d44bd2945344e7c04c) Importer(815301076,1909f56bfc062723c751e8b465ee728b)  -> (artifact id: 'c073f15e7e390821df3e700033cc5f13') in 0.566773 seconds 
========================================================================
Received Import Request.
  Time since last request: 0.000023 seconds.
  path: Assets/SU3DJPFont/TextMeshProFont/Dynamic/mplus-1mn-thin SDF Dynamic.asset
  artifactKey: Guid(9ed0bb7b96226c048a8d841f61b521d2) Importer(815301076,1909f56bfc062723c751e8b465ee728b)
Start importing Assets/SU3DJPFont/TextMeshProFont/Dynamic/mplus-1mn-thin SDF Dynamic.asset using Guid(9ed0bb7b96226c048a8d841f61b521d2) Importer(815301076,1909f56bfc062723c751e8b465ee728b)  -> (artifact id: '827ec85a9ceac50011fbbb7f872985e4') in 0.251149 seconds 
========================================================================
Received Import Request.
  Time since last request: 0.000019 seconds.
  path: Assets/Cainos/Pixel Art Platformer - Village Props/Material/FX/MT FX Flame Glow.mat
  artifactKey: Guid(6c48dc6ed4cda324b83bb2391ca6fb9a) Importer(815301076,1909f56bfc062723c751e8b465ee728b)
Start importing Assets/Cainos/Pixel Art Platformer - Village Props/Material/FX/MT FX Flame Glow.mat using Guid(6c48dc6ed4cda324b83bb2391ca6fb9a) Importer(815301076,1909f56bfc062723c751e8b465ee728b)  -> (artifact id: 'c826b426107c658c10737ec2d14eb056') in 0.169196 seconds 
========================================================================
Received Import Request.
  Time since last request: 0.000019 seconds.
  path: Assets/RainMaker/Prefab/RainExplosionMaterial2D.mat
  artifactKey: Guid(519ffdde64b6aa54180d54372779f0b0) Importer(815301076,1909f56bfc062723c751e8b465ee728b)
Start importing Assets/RainMaker/Prefab/RainExplosionMaterial2D.mat using Guid(519ffdde64b6aa54180d54372779f0b0) Importer(815301076,1909f56bfc062723c751e8b465ee728b)  -> (artifact id: '6c35d2efb6588e39b3760e0de2314d5e') in 0.033604 seconds 
========================================================================
Received Import Request.
  Time since last request: 0.000015 seconds.
  path: Assets/Cainos/Pixel Art Platformer - Village House/Material/MT Village House - Shadow.mat
  artifactKey: Guid(31154918085121047982fe6d597a7d54) Importer(815301076,1909f56bfc062723c751e8b465ee728b)
Start importing Assets/Cainos/Pixel Art Platformer - Village House/Material/MT Village House - Shadow.mat using Guid(31154918085121047982fe6d597a7d54) Importer(815301076,1909f56bfc062723c751e8b465ee728b)  -> (artifact id: '2adbcfec1df63782cdee846fd279a4ce') in 0.165317 seconds 
========================================================================
Received Import Request.
  Time since last request: 0.000024 seconds.
  path: Assets/SkySeries Freebie/UnearthlyRed.mat
  artifactKey: Guid(5d133deeaa66ed445853e946ff25e073) Importer(815301076,1909f56bfc062723c751e8b465ee728b)
Start importing Assets/SkySeries Freebie/UnearthlyRed.mat using Guid(5d133deeaa66ed445853e946ff25e073) Importer(815301076,1909f56bfc062723c751e8b465ee728b)  -> (artifact id: 'd39178be3f5d5c54de86962612c5a766') in 0.601235 seconds 
========================================================================
Received Import Request.
  Time since last request: 0.000026 seconds.
  path: Assets/SU3DJPFont/Demo/Materials/sky.mat
  artifactKey: Guid(e7988269cb722cf4c978f5e2b7346c7b) Importer(815301076,1909f56bfc062723c751e8b465ee728b)
Start importing Assets/SU3DJPFont/Demo/Materials/sky.mat using Guid(e7988269cb722cf4c978f5e2b7346c7b) Importer(815301076,1909f56bfc062723c751e8b465ee728b)  -> (artifact id: '793cfb87ab10ef3b81649fd471a350e8') in 0.202596 seconds 
========================================================================
Received Import Request.
  Time since last request: 0.000026 seconds.
  path: Assets/Cainos/Pixel Art Platformer - Village House/Material/MT FX Particle Lantern Glow.mat
  artifactKey: Guid(633e35356ed980144b2414f022d965b0) Importer(815301076,1909f56bfc062723c751e8b465ee728b)
Start importing Assets/Cainos/Pixel Art Platformer - Village House/Material/MT FX Particle Lantern Glow.mat using Guid(633e35356ed980144b2414f022d965b0) Importer(815301076,1909f56bfc062723c751e8b465ee728b)  -> (artifact id: 'ac5f1cd9e64b34397a86c9fff979015e') in 0.071024 seconds 
========================================================================
Received Import Request.
  Time since last request: 0.000023 seconds.
  path: Assets/RainMaker/Prefab/RainExplosionMaterial.mat
  artifactKey: Guid(bd4df8ad7f6a91b4aad18ac427db8176) Importer(815301076,1909f56bfc062723c751e8b465ee728b)
Start importing Assets/RainMaker/Prefab/RainExplosionMaterial.mat using Guid(bd4df8ad7f6a91b4aad18ac427db8176) Importer(815301076,1909f56bfc062723c751e8b465ee728b)  -> (artifact id: '75aba20ec3526fe240df5f4362873339') in 0.177957 seconds 
========================================================================
Received Import Request.
  Time since last request: 0.000020 seconds.
  path: Assets/Cainos/Pixel Art Platformer - Village Props/Material/FX/MT FX Torch Flame.mat
  artifactKey: Guid(51c04926d5a84b246af84e8756757023) Importer(815301076,1909f56bfc062723c751e8b465ee728b)
Start importing Assets/Cainos/Pixel Art Platformer - Village Props/Material/FX/MT FX Torch Flame.mat using Guid(51c04926d5a84b246af84e8756757023) Importer(815301076,1909f56bfc062723c751e8b465ee728b)  -> (artifact id: 'd2886d515e1c33b52e118ea59771bf2f') in 0.764804 seconds 
========================================================================
Received Import Request.
  Time since last request: 0.000019 seconds.
  path: Assets/SkySeries Freebie/ExampleScenes/SceneObjects/Full.mat
  artifactKey: Guid(1b27a20a436b4c64b882a6f739bf91de) Importer(815301076,1909f56bfc062723c751e8b465ee728b)
Start importing Assets/SkySeries Freebie/ExampleScenes/SceneObjects/Full.mat using Guid(1b27a20a436b4c64b882a6f739bf91de) Importer(815301076,1909f56bfc062723c751e8b465ee728b)  -> (artifact id: 'ed756fa54db2654a90e1f8bb1630686f') in 0.422295 seconds 
========================================================================
Received Import Request.
  Time since last request: 0.000019 seconds.
  path: Assets/SU3DJPFont/TextMeshProFont/Selected/mplus-1mn-medium SDF.asset
  artifactKey: Guid(08da0bd69441860428c853b63835cdbe) Importer(815301076,1909f56bfc062723c751e8b465ee728b)
Start importing Assets/SU3DJPFont/TextMeshProFont/Selected/mplus-1mn-medium SDF.asset using Guid(08da0bd69441860428c853b63835cdbe) Importer(815301076,1909f56bfc062723c751e8b465ee728b)  -> (artifact id: '5f0ebc81bf77b1826cbf76a421e28529') in 1.154684 seconds 
========================================================================
Received Import Request.
  Time since last request: 0.000037 seconds.
  path: Assets/Graphics/Surroundings/Medieval_Castle/Decorations/Materials/table_shadow.mat
  artifactKey: Guid(0715bb033235d5d44b81ca592fa2326f) Importer(815301076,1909f56bfc062723c751e8b465ee728b)
Start importing Assets/Graphics/Surroundings/Medieval_Castle/Decorations/Materials/table_shadow.mat using Guid(0715bb033235d5d44b81ca592fa2326f) Importer(815301076,1909f56bfc062723c751e8b465ee728b)  -> (artifact id: '45693f5ba1b6cfebda89bb41bc63a7a9') in 0.107848 seconds 
========================================================================
Received Import Request.
  Time since last request: 0.000020 seconds.
  path: Assets/SU3DJPFont/TextMeshProFont/Selected/mplus-1mn-thin SDF.asset
  artifactKey: Guid(cf759ee9428512f43bacb49e6caf5c2d) Importer(815301076,1909f56bfc062723c751e8b465ee728b)
Start importing Assets/SU3DJPFont/TextMeshProFont/Selected/mplus-1mn-thin SDF.asset using Guid(cf759ee9428512f43bacb49e6caf5c2d) Importer(815301076,1909f56bfc062723c751e8b465ee728b)  -> (artifact id: 'b0770b00a3d515fc18da90505bffbe62') in 1.602288 seconds 
========================================================================
Received Import Request.
  Time since last request: 0.000025 seconds.
  path: Assets/SU3DJPFont/Fonts/MPlusTestflight63a/mplus-1c-thin.ttf
  artifactKey: Guid(5f3edff6d7c989d42855196f819dd804) Importer(815301076,1909f56bfc062723c751e8b465ee728b)
Start importing Assets/SU3DJPFont/Fonts/MPlusTestflight63a/mplus-1c-thin.ttf using Guid(5f3edff6d7c989d42855196f819dd804) Importer(815301076,1909f56bfc062723c751e8b465ee728b)  -> (artifact id: 'c704c3e6f94bf2ef1310e18606a11719') in 0.021517 seconds 
========================================================================
Received Import Request.
  Time since last request: 0.000022 seconds.
  path: Assets/SU3DJPFont/Fonts/MPlusTestflight63a/mplus-2p-thin.ttf
  artifactKey: Guid(aacf6a09bbf1e664788c2744ab470681) Importer(815301076,1909f56bfc062723c751e8b465ee728b)
Start importing Assets/SU3DJPFont/Fonts/MPlusTestflight63a/mplus-2p-thin.ttf using Guid(aacf6a09bbf1e664788c2744ab470681) Importer(815301076,1909f56bfc062723c751e8b465ee728b)  -> (artifact id: 'c0b7a28145d04160c68b4bd0f87a63c1') in 0.072428 seconds 
========================================================================
Received Import Request.
  Time since last request: 0.000016 seconds.
  path: Assets/SU3DJPFont/Fonts/MPlusTestflight63a/mplus-2c-regular.ttf
  artifactKey: Guid(7a744464177b17945a83e77b87e70d5e) Importer(815301076,1909f56bfc062723c751e8b465ee728b)
Start importing Assets/SU3DJPFont/Fonts/MPlusTestflight63a/mplus-2c-regular.ttf using Guid(7a744464177b17945a83e77b87e70d5e) Importer(815301076,1909f56bfc062723c751e8b465ee728b)  -> (artifact id: '6f5c1402e59113cda1a8d7c8f99e3060') in 0.019949 seconds 
========================================================================
Received Import Request.
  Time since last request: 0.000028 seconds.
  path: Assets/SU3DJPFont/Fonts/MPlusTestflight63a/mplus-1c-black.ttf
  artifactKey: Guid(bf882ea178a999648a63680a4a04ac5d) Importer(815301076,1909f56bfc062723c751e8b465ee728b)
Start importing Assets/SU3DJPFont/Fonts/MPlusTestflight63a/mplus-1c-black.ttf using Guid(bf882ea178a999648a63680a4a04ac5d) Importer(815301076,1909f56bfc062723c751e8b465ee728b)  -> (artifact id: '378046ecbaeac5b37df89cd7e5571932') in 0.017358 seconds 
========================================================================
Received Import Request.
  Time since last request: 0.000026 seconds.
  path: Assets/SU3DJPFont/TextMeshProFont/Dynamic/mplus-2m-light SDF Dynamic.asset
  artifactKey: Guid(7921be8cc10c03c478c87035ebcb76a6) Importer(815301076,1909f56bfc062723c751e8b465ee728b)
Start importing Assets/SU3DJPFont/TextMeshProFont/Dynamic/mplus-2m-light SDF Dynamic.asset using Guid(7921be8cc10c03c478c87035ebcb76a6) Importer(815301076,1909f56bfc062723c751e8b465ee728b)  -> (artifact id: 'b63144c04d0c4728ee7cddd6c5d5c574') in 0.033449 seconds 
========================================================================
Received Import Request.
  Time since last request: 0.000014 seconds.
  path: Assets/SU3DJPFont/Fonts/MPlusTestflight63a/mplus-2c-bold.ttf
  artifactKey: Guid(550e39a93bdf11c4eb1ab20d722406be) Importer(815301076,1909f56bfc062723c751e8b465ee728b)
Start importing Assets/SU3DJPFont/Fonts/MPlusTestflight63a/mplus-2c-bold.ttf using Guid(550e39a93bdf11c4eb1ab20d722406be) Importer(815301076,1909f56bfc062723c751e8b465ee728b)  -> (artifact id: '492ed22d60f69435b8599f9f2a249601') in 0.093141 seconds 
========================================================================
Received Import Request.
  Time since last request: 0.000025 seconds.
  path: Assets/SkySeries Freebie/MegaSun.mat
  artifactKey: Guid(cede08c9fc471e64884909cd4bbeaf59) Importer(815301076,1909f56bfc062723c751e8b465ee728b)
Start importing Assets/SkySeries Freebie/MegaSun.mat using Guid(cede08c9fc471e64884909cd4bbeaf59) Importer(815301076,1909f56bfc062723c751e8b465ee728b)  -> (artifact id: 'e8d74f8f14df8941e1b17d16763fbbfe') in 0.605831 seconds 
========================================================================
Received Import Request.
  Time since last request: 0.000030 seconds.
  path: Assets/RainMaker/Prefab/RainMistMaterial.mat
  artifactKey: Guid(26903820d8bdf4145af868b7b12d0e18) Importer(815301076,1909f56bfc062723c751e8b465ee728b)
Start importing Assets/RainMaker/Prefab/RainMistMaterial.mat using Guid(26903820d8bdf4145af868b7b12d0e18) Importer(815301076,1909f56bfc062723c751e8b465ee728b)  -> (artifact id: '2acf1622b7c4bdbb655e23e0bb1fd5a4') in 0.069836 seconds 
========================================================================
Received Import Request.
  Time since last request: 0.000015 seconds.
  path: Assets/SU3DJPFont/TextMeshProFont/Dynamic/mplus-2c-regular SDF Dynamic.asset
  artifactKey: Guid(c3868d1a5ce8cc143bd0ce2763d7b21c) Importer(815301076,1909f56bfc062723c751e8b465ee728b)
Start importing Assets/SU3DJPFont/TextMeshProFont/Dynamic/mplus-2c-regular SDF Dynamic.asset using Guid(c3868d1a5ce8cc143bd0ce2763d7b21c) Importer(815301076,1909f56bfc062723c751e8b465ee728b)  -> (artifact id: '193185f6f2668e44f143b10bdd92beec') in 0.030080 seconds 
========================================================================
Received Import Request.
  Time since last request: 0.000014 seconds.
  path: Assets/SU3DJPFont/TextMeshProFont/Selected/mplus-1mn-bold SDF.asset
  artifactKey: Guid(09bb5f87b12efc743871ab9dee64c0d6) Importer(815301076,1909f56bfc062723c751e8b465ee728b)
Start importing Assets/SU3DJPFont/TextMeshProFont/Selected/mplus-1mn-bold SDF.asset using Guid(09bb5f87b12efc743871ab9dee64c0d6) Importer(815301076,1909f56bfc062723c751e8b465ee728b)  -> (artifact id: '355466b42d92950aadafb1a8a2b38a1f') in 0.559922 seconds 
========================================================================
Received Prepare
Registering precompiled user dll's ...
Registered in 0.011055 seconds.
Begin MonoManager ReloadAssembly
Symbol file LoadedFromMemory doesn't match image D:\SoulvaniaProject\EdensDooR\Library\PackageCache\com.unity.visualscripting@1.8.0\Editor\VisualScripting.Core\Dependencies\YamlDotNet\Unity.VisualScripting.YamlDotNet.dll
Symbol file LoadedFromMemory doesn't match image D:\SoulvaniaProject\EdensDooR\Library\PackageCache\com.unity.visualscripting@1.8.0\Editor\VisualScripting.Core\Dependencies\DotNetZip\Unity.VisualScripting.IonicZip.dll
Native extension for WindowsStandalone target not found
Refreshing native plugins compatible for Editor in 1.07 ms, found 6 plugins.
Preloading 0 native plugins for Editor in 0.00 ms.
Mono: successfully reloaded assembly
- Completed reload, in  1.271 seconds
Domain Reload Profiling:
	ReloadAssembly (1272ms)
		BeginReloadAssembly (186ms)
			ExecutionOrderSort (0ms)
			DisableScriptedObjects (7ms)
			BackupInstance (0ms)
			ReleaseScriptingObjects (0ms)
			CreateAndSetChildDomain (43ms)
		EndReloadAssembly (979ms)
			LoadAssemblies (167ms)
			RebuildTransferFunctionScriptingTraits (0ms)
			SetupTypeCache (261ms)
			ReleaseScriptCaches (1ms)
			RebuildScriptCaches (55ms)
			SetupLoadedEditorAssemblies (508ms)
				LogAssemblyErrors (0ms)
				InitializePlatformSupportModulesInManaged (4ms)
				SetLoadedEditorAssemblies (0ms)
				RefreshPlugins (1ms)
				BeforeProcessingInitializeOnLoad (71ms)
				ProcessInitializeOnLoadAttributes (396ms)
				ProcessInitializeOnLoadMethodAttributes (34ms)
				AfterProcessingInitializeOnLoad (2ms)
				EditorAssembliesLoaded (0ms)
			ExecutionOrderSort2 (0ms)
			AwakeInstancesAfterBackupRestoration (7ms)
Platform modules already initialized, skipping
Shader 'Custom/RainShader': fallback shader 'Particles/Alpha Blended' not found
Refreshing native plugins compatible for Editor in 4.02 ms, found 6 plugins.
Preloading 0 native plugins for Editor in 0.00 ms.
Unloading 4272 Unused Serialized files (Serialized files now loaded: 0)
Unloading 32 unused Assets / (236.6 KB). Loaded Objects now: 4912.
Memory consumption went from 181.5 MB to 181.2 MB.
Total: 4.337700 ms (FindLiveObjects: 0.300900 ms CreateObjectMapping: 0.264800 ms MarkObjects: 3.542300 ms  DeleteObjects: 0.228500 ms)

AssetImportParameters requested are different than current active one (requested -> active):
  custom:video-decoder-ogg-theora: a1e56fd34408186e4bbccfd4996cb3dc -> 
  custom:container-muxer-webm: aa71ff27fc2769a1b78a27578f13a17b -> 
  custom:container-demuxer-webm: 4f35f7cbe854078d1ac9338744f61a02 -> 
  custom:video-encoder-webm-vp8: eb34c28f22e8b96e1ab97ce403110664 -> 
  custom:video-codec-MediaFoundation-h265: 746d11721c4dcdbdad8f713fa42b33f4 -> 
  custom:audio-encoder-webm-vorbis: bf7c407c2cedff20999df2af8eb42d56 -> 
  custom:framework-win-MediaFoundation: 216162199b28c13a410421893ffa2e32 -> 
  custom:container-demuxer-ogg: 62fdf1f143b41e24485cea50d1cbac27 -> 
  custom:video-decoder-webm-vp8: 9c59270c3fd7afecdb556c50c9e8de78 -> 
  custom:audio-decoder-ogg-vorbis: bf7c407c2cedff20999df2af8eb42d56 -> 
========================================================================
Received Prepare
Registering precompiled user dll's ...
Registered in 0.010609 seconds.
Begin MonoManager ReloadAssembly
Symbol file LoadedFromMemory doesn't match image D:\SoulvaniaProject\EdensDooR\Library\PackageCache\com.unity.visualscripting@1.8.0\Editor\VisualScripting.Core\Dependencies\YamlDotNet\Unity.VisualScripting.YamlDotNet.dll
Symbol file LoadedFromMemory doesn't match image D:\SoulvaniaProject\EdensDooR\Library\PackageCache\com.unity.visualscripting@1.8.0\Editor\VisualScripting.Core\Dependencies\DotNetZip\Unity.VisualScripting.IonicZip.dll
Native extension for WindowsStandalone target not found
Refreshing native plugins compatible for Editor in 0.90 ms, found 6 plugins.
Preloading 0 native plugins for Editor in 0.00 ms.
Mono: successfully reloaded assembly
- Completed reload, in  1.198 seconds
Domain Reload Profiling:
	ReloadAssembly (1198ms)
		BeginReloadAssembly (167ms)
			ExecutionOrderSort (0ms)
			DisableScriptedObjects (6ms)
			BackupInstance (0ms)
			ReleaseScriptingObjects (0ms)
			CreateAndSetChildDomain (35ms)
		EndReloadAssembly (942ms)
			LoadAssemblies (166ms)
			RebuildTransferFunctionScriptingTraits (0ms)
			SetupTypeCache (238ms)
			ReleaseScriptCaches (2ms)
			RebuildScriptCaches (51ms)
			SetupLoadedEditorAssemblies (492ms)
				LogAssemblyErrors (0ms)
				InitializePlatformSupportModulesInManaged (4ms)
				SetLoadedEditorAssemblies (0ms)
				RefreshPlugins (1ms)
				BeforeProcessingInitializeOnLoad (63ms)
				ProcessInitializeOnLoadAttributes (390ms)
				ProcessInitializeOnLoadMethodAttributes (33ms)
				AfterProcessingInitializeOnLoad (2ms)
				EditorAssembliesLoaded (0ms)
			ExecutionOrderSort2 (0ms)
			AwakeInstancesAfterBackupRestoration (8ms)
Platform modules already initialized, skipping
Shader 'Custom/RainShader': fallback shader 'Particles/Alpha Blended' not found
Refreshing native plugins compatible for Editor in 3.77 ms, found 6 plugins.
Preloading 0 native plugins for Editor in 0.00 ms.
Unloading 4272 Unused Serialized files (Serialized files now loaded: 0)
Unloading 31 unused Assets / (236.9 KB). Loaded Objects now: 4927.
Memory consumption went from 181.5 MB to 181.2 MB.
Total: 4.515300 ms (FindLiveObjects: 0.479900 ms CreateObjectMapping: 0.315100 ms MarkObjects: 3.587400 ms  DeleteObjects: 0.131800 ms)

AssetImportParameters requested are different than current active one (requested -> active):
  custom:video-decoder-ogg-theora: a1e56fd34408186e4bbccfd4996cb3dc -> 
  custom:container-muxer-webm: aa71ff27fc2769a1b78a27578f13a17b -> 
  custom:container-demuxer-webm: 4f35f7cbe854078d1ac9338744f61a02 -> 
  custom:video-encoder-webm-vp8: eb34c28f22e8b96e1ab97ce403110664 -> 
  custom:video-codec-MediaFoundation-h265: 746d11721c4dcdbdad8f713fa42b33f4 -> 
  custom:audio-encoder-webm-vorbis: bf7c407c2cedff20999df2af8eb42d56 -> 
  custom:framework-win-MediaFoundation: 216162199b28c13a410421893ffa2e32 -> 
  custom:container-demuxer-ogg: 62fdf1f143b41e24485cea50d1cbac27 -> 
  custom:video-decoder-webm-vp8: 9c59270c3fd7afecdb556c50c9e8de78 -> 
  custom:audio-decoder-ogg-vorbis: bf7c407c2cedff20999df2af8eb42d56 -> 
========================================================================
Received Prepare
Registering precompiled user dll's ...
Registered in 0.010416 seconds.
Begin MonoManager ReloadAssembly
Symbol file LoadedFromMemory doesn't match image D:\SoulvaniaProject\EdensDooR\Library\PackageCache\com.unity.visualscripting@1.8.0\Editor\VisualScripting.Core\Dependencies\YamlDotNet\Unity.VisualScripting.YamlDotNet.dll
Symbol file LoadedFromMemory doesn't match image D:\SoulvaniaProject\EdensDooR\Library\PackageCache\com.unity.visualscripting@1.8.0\Editor\VisualScripting.Core\Dependencies\DotNetZip\Unity.VisualScripting.IonicZip.dll
Native extension for WindowsStandalone target not found
Refreshing native plugins compatible for Editor in 1.13 ms, found 6 plugins.
Preloading 0 native plugins for Editor in 0.00 ms.
Mono: successfully reloaded assembly
- Completed reload, in  1.113 seconds
Domain Reload Profiling:
	ReloadAssembly (1114ms)
		BeginReloadAssembly (152ms)
			ExecutionOrderSort (0ms)
			DisableScriptedObjects (6ms)
			BackupInstance (0ms)
			ReleaseScriptingObjects (0ms)
			CreateAndSetChildDomain (33ms)
		EndReloadAssembly (872ms)
			LoadAssemblies (128ms)
			RebuildTransferFunctionScriptingTraits (0ms)
			SetupTypeCache (228ms)
			ReleaseScriptCaches (1ms)
			RebuildScriptCaches (52ms)
			SetupLoadedEditorAssemblies (454ms)
				LogAssemblyErrors (0ms)
				InitializePlatformSupportModulesInManaged (4ms)
				SetLoadedEditorAssemblies (1ms)
				RefreshPlugins (1ms)
				BeforeProcessingInitializeOnLoad (66ms)
				ProcessInitializeOnLoadAttributes (351ms)
				ProcessInitializeOnLoadMethodAttributes (30ms)
				AfterProcessingInitializeOnLoad (2ms)
				EditorAssembliesLoaded (0ms)
			ExecutionOrderSort2 (0ms)
			AwakeInstancesAfterBackupRestoration (6ms)
Platform modules already initialized, skipping
Shader 'Custom/RainShader': fallback shader 'Particles/Alpha Blended' not found
Refreshing native plugins compatible for Editor in 3.31 ms, found 6 plugins.
Preloading 0 native plugins for Editor in 0.00 ms.
Unloading 4272 Unused Serialized files (Serialized files now loaded: 0)
Unloading 31 unused Assets / (236.8 KB). Loaded Objects now: 4942.
Memory consumption went from 181.5 MB to 181.3 MB.
Total: 3.922600 ms (FindLiveObjects: 0.373200 ms CreateObjectMapping: 0.208600 ms MarkObjects: 3.193200 ms  DeleteObjects: 0.146900 ms)

AssetImportParameters requested are different than current active one (requested -> active):
  custom:video-decoder-ogg-theora: a1e56fd34408186e4bbccfd4996cb3dc -> 
  custom:container-muxer-webm: aa71ff27fc2769a1b78a27578f13a17b -> 
  custom:container-demuxer-webm: 4f35f7cbe854078d1ac9338744f61a02 -> 
  custom:video-encoder-webm-vp8: eb34c28f22e8b96e1ab97ce403110664 -> 
  custom:video-codec-MediaFoundation-h265: 746d11721c4dcdbdad8f713fa42b33f4 -> 
  custom:audio-encoder-webm-vorbis: bf7c407c2cedff20999df2af8eb42d56 -> 
  custom:framework-win-MediaFoundation: 216162199b28c13a410421893ffa2e32 -> 
  custom:container-demuxer-ogg: 62fdf1f143b41e24485cea50d1cbac27 -> 
  custom:video-decoder-webm-vp8: 9c59270c3fd7afecdb556c50c9e8de78 -> 
  custom:audio-decoder-ogg-vorbis: bf7c407c2cedff20999df2af8eb42d56 -> 
========================================================================
Received Prepare
Registering precompiled user dll's ...
Registered in 0.010036 seconds.
Begin MonoManager ReloadAssembly
Symbol file LoadedFromMemory doesn't match image D:\SoulvaniaProject\EdensDooR\Library\PackageCache\com.unity.visualscripting@1.8.0\Editor\VisualScripting.Core\Dependencies\YamlDotNet\Unity.VisualScripting.YamlDotNet.dll
Symbol file LoadedFromMemory doesn't match image D:\SoulvaniaProject\EdensDooR\Library\PackageCache\com.unity.visualscripting@1.8.0\Editor\VisualScripting.Core\Dependencies\DotNetZip\Unity.VisualScripting.IonicZip.dll
Native extension for WindowsStandalone target not found
Refreshing native plugins compatible for Editor in 0.95 ms, found 6 plugins.
Preloading 0 native plugins for Editor in 0.00 ms.
Mono: successfully reloaded assembly
- Completed reload, in  1.191 seconds
Domain Reload Profiling:
	ReloadAssembly (1192ms)
		BeginReloadAssembly (163ms)
			ExecutionOrderSort (0ms)
			DisableScriptedObjects (6ms)
			BackupInstance (0ms)
			ReleaseScriptingObjects (0ms)
			CreateAndSetChildDomain (34ms)
		EndReloadAssembly (940ms)
			LoadAssemblies (149ms)
			RebuildTransferFunctionScriptingTraits (0ms)
			SetupTypeCache (245ms)
			ReleaseScriptCaches (1ms)
			RebuildScriptCaches (67ms)
			SetupLoadedEditorAssemblies (473ms)
				LogAssemblyErrors (0ms)
				InitializePlatformSupportModulesInManaged (4ms)
				SetLoadedEditorAssemblies (0ms)
				RefreshPlugins (1ms)
				BeforeProcessingInitializeOnLoad (66ms)
				ProcessInitializeOnLoadAttributes (369ms)
				ProcessInitializeOnLoadMethodAttributes (31ms)
				AfterProcessingInitializeOnLoad (2ms)
				EditorAssembliesLoaded (0ms)
			ExecutionOrderSort2 (0ms)
			AwakeInstancesAfterBackupRestoration (8ms)
Platform modules already initialized, skipping
Shader 'Custom/RainShader': fallback shader 'Particles/Alpha Blended' not found
Refreshing native plugins compatible for Editor in 4.39 ms, found 6 plugins.
Preloading 0 native plugins for Editor in 0.00 ms.
Unloading 4272 Unused Serialized files (Serialized files now loaded: 0)
Unloading 31 unused Assets / (236.6 KB). Loaded Objects now: 4957.
Memory consumption went from 181.5 MB to 181.3 MB.
Total: 3.864500 ms (FindLiveObjects: 0.364800 ms CreateObjectMapping: 0.245900 ms MarkObjects: 3.113400 ms  DeleteObjects: 0.139400 ms)

AssetImportParameters requested are different than current active one (requested -> active):
  custom:video-decoder-ogg-theora: a1e56fd34408186e4bbccfd4996cb3dc -> 
  custom:container-muxer-webm: aa71ff27fc2769a1b78a27578f13a17b -> 
  custom:container-demuxer-webm: 4f35f7cbe854078d1ac9338744f61a02 -> 
  custom:video-encoder-webm-vp8: eb34c28f22e8b96e1ab97ce403110664 -> 
  custom:video-codec-MediaFoundation-h265: 746d11721c4dcdbdad8f713fa42b33f4 -> 
  custom:audio-encoder-webm-vorbis: bf7c407c2cedff20999df2af8eb42d56 -> 
  custom:framework-win-MediaFoundation: 216162199b28c13a410421893ffa2e32 -> 
  custom:container-demuxer-ogg: 62fdf1f143b41e24485cea50d1cbac27 -> 
  custom:video-decoder-webm-vp8: 9c59270c3fd7afecdb556c50c9e8de78 -> 
  custom:audio-decoder-ogg-vorbis: bf7c407c2cedff20999df2af8eb42d56 -> 
========================================================================
Received Prepare
Registering precompiled user dll's ...
Registered in 0.011067 seconds.
Begin MonoManager ReloadAssembly
Symbol file LoadedFromMemory doesn't match image D:\SoulvaniaProject\EdensDooR\Library\PackageCache\com.unity.visualscripting@1.8.0\Editor\VisualScripting.Core\Dependencies\YamlDotNet\Unity.VisualScripting.YamlDotNet.dll
Symbol file LoadedFromMemory doesn't match image D:\SoulvaniaProject\EdensDooR\Library\PackageCache\com.unity.visualscripting@1.8.0\Editor\VisualScripting.Core\Dependencies\DotNetZip\Unity.VisualScripting.IonicZip.dll
Native extension for WindowsStandalone target not found
Refreshing native plugins compatible for Editor in 0.84 ms, found 6 plugins.
Preloading 0 native plugins for Editor in 0.00 ms.
Mono: successfully reloaded assembly
- Completed reload, in  1.201 seconds
Domain Reload Profiling:
	ReloadAssembly (1201ms)
		BeginReloadAssembly (149ms)
			ExecutionOrderSort (0ms)
			DisableScriptedObjects (6ms)
			BackupInstance (0ms)
			ReleaseScriptingObjects (0ms)
			CreateAndSetChildDomain (32ms)
		EndReloadAssembly (969ms)
			LoadAssemblies (133ms)
			RebuildTransferFunctionScriptingTraits (0ms)
			SetupTypeCache (218ms)
			ReleaseScriptCaches (2ms)
			RebuildScriptCaches (47ms)
			SetupLoadedEditorAssemblies (569ms)
				LogAssemblyErrors (0ms)
				InitializePlatformSupportModulesInManaged (3ms)
				SetLoadedEditorAssemblies (0ms)
				RefreshPlugins (1ms)
				BeforeProcessingInitializeOnLoad (62ms)
				ProcessInitializeOnLoadAttributes (470ms)
				ProcessInitializeOnLoadMethodAttributes (30ms)
				AfterProcessingInitializeOnLoad (2ms)
				EditorAssembliesLoaded (0ms)
			ExecutionOrderSort2 (0ms)
			AwakeInstancesAfterBackupRestoration (7ms)
Platform modules already initialized, skipping
Shader 'Custom/RainShader': fallback shader 'Particles/Alpha Blended' not found
Refreshing native plugins compatible for Editor in 3.24 ms, found 6 plugins.
Preloading 0 native plugins for Editor in 0.00 ms.
Unloading 4272 Unused Serialized files (Serialized files now loaded: 0)
Unloading 31 unused Assets / (236.8 KB). Loaded Objects now: 4972.
Memory consumption went from 181.5 MB to 181.3 MB.
Total: 3.582100 ms (FindLiveObjects: 0.313000 ms CreateObjectMapping: 0.244600 ms MarkObjects: 2.871200 ms  DeleteObjects: 0.152500 ms)

AssetImportParameters requested are different than current active one (requested -> active):
  custom:video-decoder-ogg-theora: a1e56fd34408186e4bbccfd4996cb3dc -> 
  custom:container-muxer-webm: aa71ff27fc2769a1b78a27578f13a17b -> 
  custom:container-demuxer-webm: 4f35f7cbe854078d1ac9338744f61a02 -> 
  custom:video-encoder-webm-vp8: eb34c28f22e8b96e1ab97ce403110664 -> 
  custom:video-codec-MediaFoundation-h265: 746d11721c4dcdbdad8f713fa42b33f4 -> 
  custom:audio-encoder-webm-vorbis: bf7c407c2cedff20999df2af8eb42d56 -> 
  custom:framework-win-MediaFoundation: 216162199b28c13a410421893ffa2e32 -> 
  custom:container-demuxer-ogg: 62fdf1f143b41e24485cea50d1cbac27 -> 
  custom:video-decoder-webm-vp8: 9c59270c3fd7afecdb556c50c9e8de78 -> 
  custom:audio-decoder-ogg-vorbis: bf7c407c2cedff20999df2af8eb42d56 -> 
========================================================================
Received Prepare
Registering precompiled user dll's ...
Registered in 0.010159 seconds.
Begin MonoManager ReloadAssembly
Symbol file LoadedFromMemory doesn't match image D:\SoulvaniaProject\EdensDooR\Library\PackageCache\com.unity.visualscripting@1.8.0\Editor\VisualScripting.Core\Dependencies\YamlDotNet\Unity.VisualScripting.YamlDotNet.dll
Symbol file LoadedFromMemory doesn't match image D:\SoulvaniaProject\EdensDooR\Library\PackageCache\com.unity.visualscripting@1.8.0\Editor\VisualScripting.Core\Dependencies\DotNetZip\Unity.VisualScripting.IonicZip.dll
Native extension for WindowsStandalone target not found
Refreshing native plugins compatible for Editor in 1.43 ms, found 6 plugins.
Preloading 0 native plugins for Editor in 0.00 ms.
Mono: successfully reloaded assembly
- Completed reload, in  1.208 seconds
Domain Reload Profiling:
	ReloadAssembly (1209ms)
		BeginReloadAssembly (166ms)
			ExecutionOrderSort (0ms)
			DisableScriptedObjects (6ms)
			BackupInstance (0ms)
			ReleaseScriptingObjects (0ms)
			CreateAndSetChildDomain (39ms)
		EndReloadAssembly (955ms)
			LoadAssemblies (146ms)
			RebuildTransferFunctionScriptingTraits (0ms)
			SetupTypeCache (242ms)
			ReleaseScriptCaches (1ms)
			RebuildScriptCaches (48ms)
			SetupLoadedEditorAssemblies (516ms)
				LogAssemblyErrors (0ms)
				InitializePlatformSupportModulesInManaged (5ms)
				SetLoadedEditorAssemblies (1ms)
				RefreshPlugins (2ms)
				BeforeProcessingInitializeOnLoad (62ms)
				ProcessInitializeOnLoadAttributes (418ms)
				ProcessInitializeOnLoadMethodAttributes (28ms)
				AfterProcessingInitializeOnLoad (2ms)
				EditorAssembliesLoaded (0ms)
			ExecutionOrderSort2 (0ms)
			AwakeInstancesAfterBackupRestoration (6ms)
Platform modules already initialized, skipping
Shader 'Custom/RainShader': fallback shader 'Particles/Alpha Blended' not found
Refreshing native plugins compatible for Editor in 3.40 ms, found 6 plugins.
Preloading 0 native plugins for Editor in 0.00 ms.
Unloading 4272 Unused Serialized files (Serialized files now loaded: 0)
Unloading 31 unused Assets / (236.9 KB). Loaded Objects now: 4987.
Memory consumption went from 181.5 MB to 181.3 MB.
Total: 3.829400 ms (FindLiveObjects: 0.356100 ms CreateObjectMapping: 0.319300 ms MarkObjects: 3.020600 ms  DeleteObjects: 0.132700 ms)

AssetImportParameters requested are different than current active one (requested -> active):
  custom:video-decoder-ogg-theora: a1e56fd34408186e4bbccfd4996cb3dc -> 
  custom:container-muxer-webm: aa71ff27fc2769a1b78a27578f13a17b -> 
  custom:container-demuxer-webm: 4f35f7cbe854078d1ac9338744f61a02 -> 
  custom:video-encoder-webm-vp8: eb34c28f22e8b96e1ab97ce403110664 -> 
  custom:video-codec-MediaFoundation-h265: 746d11721c4dcdbdad8f713fa42b33f4 -> 
  custom:audio-encoder-webm-vorbis: bf7c407c2cedff20999df2af8eb42d56 -> 
  custom:framework-win-MediaFoundation: 216162199b28c13a410421893ffa2e32 -> 
  custom:container-demuxer-ogg: 62fdf1f143b41e24485cea50d1cbac27 -> 
  custom:video-decoder-webm-vp8: 9c59270c3fd7afecdb556c50c9e8de78 -> 
  custom:audio-decoder-ogg-vorbis: bf7c407c2cedff20999df2af8eb42d56 -> 
========================================================================
Received Prepare
Registering precompiled user dll's ...
Registered in 0.010795 seconds.
Begin MonoManager ReloadAssembly
Symbol file LoadedFromMemory doesn't match image D:\SoulvaniaProject\EdensDooR\Library\PackageCache\com.unity.visualscripting@1.8.0\Editor\VisualScripting.Core\Dependencies\YamlDotNet\Unity.VisualScripting.YamlDotNet.dll
Symbol file LoadedFromMemory doesn't match image D:\SoulvaniaProject\EdensDooR\Library\PackageCache\com.unity.visualscripting@1.8.0\Editor\VisualScripting.Core\Dependencies\DotNetZip\Unity.VisualScripting.IonicZip.dll
Native extension for WindowsStandalone target not found
Refreshing native plugins compatible for Editor in 0.92 ms, found 6 plugins.
Preloading 0 native plugins for Editor in 0.00 ms.
Mono: successfully reloaded assembly
- Completed reload, in  1.177 seconds
Domain Reload Profiling:
	ReloadAssembly (1178ms)
		BeginReloadAssembly (160ms)
			ExecutionOrderSort (0ms)
			DisableScriptedObjects (6ms)
			BackupInstance (0ms)
			ReleaseScriptingObjects (0ms)
			CreateAndSetChildDomain (34ms)
		EndReloadAssembly (927ms)
			LoadAssemblies (143ms)
			RebuildTransferFunctionScriptingTraits (0ms)
			SetupTypeCache (245ms)
			ReleaseScriptCaches (2ms)
			RebuildScriptCaches (51ms)
			SetupLoadedEditorAssemblies (488ms)
				LogAssemblyErrors (0ms)
				InitializePlatformSupportModulesInManaged (4ms)
				SetLoadedEditorAssemblies (1ms)
				RefreshPlugins (1ms)
				BeforeProcessingInitializeOnLoad (67ms)
				ProcessInitializeOnLoadAttributes (380ms)
				ProcessInitializeOnLoadMethodAttributes (34ms)
				AfterProcessingInitializeOnLoad (2ms)
				EditorAssembliesLoaded (0ms)
			ExecutionOrderSort2 (0ms)
			AwakeInstancesAfterBackupRestoration (7ms)
Platform modules already initialized, skipping
Shader 'Custom/RainShader': fallback shader 'Particles/Alpha Blended' not found
Refreshing native plugins compatible for Editor in 4.09 ms, found 6 plugins.
Preloading 0 native plugins for Editor in 0.00 ms.
Unloading 4272 Unused Serialized files (Serialized files now loaded: 0)
Unloading 31 unused Assets / (236.7 KB). Loaded Objects now: 5002.
Memory consumption went from 181.6 MB to 181.3 MB.
Total: 3.898900 ms (FindLiveObjects: 0.316300 ms CreateObjectMapping: 0.326200 ms MarkObjects: 3.104500 ms  DeleteObjects: 0.150700 ms)

AssetImportParameters requested are different than current active one (requested -> active):
  custom:video-decoder-ogg-theora: a1e56fd34408186e4bbccfd4996cb3dc -> 
  custom:container-muxer-webm: aa71ff27fc2769a1b78a27578f13a17b -> 
  custom:container-demuxer-webm: 4f35f7cbe854078d1ac9338744f61a02 -> 
  custom:video-encoder-webm-vp8: eb34c28f22e8b96e1ab97ce403110664 -> 
  custom:video-codec-MediaFoundation-h265: 746d11721c4dcdbdad8f713fa42b33f4 -> 
  custom:audio-encoder-webm-vorbis: bf7c407c2cedff20999df2af8eb42d56 -> 
  custom:framework-win-MediaFoundation: 216162199b28c13a410421893ffa2e32 -> 
  custom:container-demuxer-ogg: 62fdf1f143b41e24485cea50d1cbac27 -> 
  custom:video-decoder-webm-vp8: 9c59270c3fd7afecdb556c50c9e8de78 -> 
  custom:audio-decoder-ogg-vorbis: bf7c407c2cedff20999df2af8eb42d56 -> 
========================================================================
Received Prepare
Registering precompiled user dll's ...
Registered in 0.011385 seconds.
Begin MonoManager ReloadAssembly
Symbol file LoadedFromMemory doesn't match image D:\SoulvaniaProject\EdensDooR\Library\PackageCache\com.unity.visualscripting@1.8.0\Editor\VisualScripting.Core\Dependencies\YamlDotNet\Unity.VisualScripting.YamlDotNet.dll
Symbol file LoadedFromMemory doesn't match image D:\SoulvaniaProject\EdensDooR\Library\PackageCache\com.unity.visualscripting@1.8.0\Editor\VisualScripting.Core\Dependencies\DotNetZip\Unity.VisualScripting.IonicZip.dll
Native extension for WindowsStandalone target not found
Refreshing native plugins compatible for Editor in 0.94 ms, found 6 plugins.
Preloading 0 native plugins for Editor in 0.00 ms.
Mono: successfully reloaded assembly
- Completed reload, in  1.239 seconds
Domain Reload Profiling:
	ReloadAssembly (1239ms)
		BeginReloadAssembly (170ms)
			ExecutionOrderSort (0ms)
			DisableScriptedObjects (7ms)
			BackupInstance (0ms)
			ReleaseScriptingObjects (0ms)
			CreateAndSetChildDomain (38ms)
		EndReloadAssembly (973ms)
			LoadAssemblies (152ms)
			RebuildTransferFunctionScriptingTraits (0ms)
			SetupTypeCache (271ms)
			ReleaseScriptCaches (1ms)
			RebuildScriptCaches (53ms)
			SetupLoadedEditorAssemblies (499ms)
				LogAssemblyErrors (0ms)
				InitializePlatformSupportModulesInManaged (4ms)
				SetLoadedEditorAssemblies (0ms)
				RefreshPlugins (1ms)
				BeforeProcessingInitializeOnLoad (65ms)
				ProcessInitializeOnLoadAttributes (395ms)
				ProcessInitializeOnLoadMethodAttributes (32ms)
				AfterProcessingInitializeOnLoad (2ms)
				EditorAssembliesLoaded (0ms)
			ExecutionOrderSort2 (0ms)
			AwakeInstancesAfterBackupRestoration (7ms)
Platform modules already initialized, skipping
Shader 'Custom/RainShader': fallback shader 'Particles/Alpha Blended' not found
Refreshing native plugins compatible for Editor in 3.99 ms, found 6 plugins.
Preloading 0 native plugins for Editor in 0.00 ms.
Unloading 4272 Unused Serialized files (Serialized files now loaded: 0)
Unloading 31 unused Assets / (236.9 KB). Loaded Objects now: 5017.
Memory consumption went from 181.6 MB to 181.3 MB.
Total: 3.840400 ms (FindLiveObjects: 0.359300 ms CreateObjectMapping: 0.275400 ms MarkObjects: 3.062400 ms  DeleteObjects: 0.141900 ms)

AssetImportParameters requested are different than current active one (requested -> active):
  custom:video-decoder-ogg-theora: a1e56fd34408186e4bbccfd4996cb3dc -> 
  custom:container-muxer-webm: aa71ff27fc2769a1b78a27578f13a17b -> 
  custom:container-demuxer-webm: 4f35f7cbe854078d1ac9338744f61a02 -> 
  custom:video-encoder-webm-vp8: eb34c28f22e8b96e1ab97ce403110664 -> 
  custom:video-codec-MediaFoundation-h265: 746d11721c4dcdbdad8f713fa42b33f4 -> 
  custom:audio-encoder-webm-vorbis: bf7c407c2cedff20999df2af8eb42d56 -> 
  custom:framework-win-MediaFoundation: 216162199b28c13a410421893ffa2e32 -> 
  custom:container-demuxer-ogg: 62fdf1f143b41e24485cea50d1cbac27 -> 
  custom:video-decoder-webm-vp8: 9c59270c3fd7afecdb556c50c9e8de78 -> 
  custom:audio-decoder-ogg-vorbis: bf7c407c2cedff20999df2af8eb42d56 -> 
