Using pre-set license
Built from '2021.3/staging' branch; Version is '2021.3.23f1 (213b516bf396) revision 2177873'; Using compiler version '192829333'; Build Type 'Release'
OS: 'Windows 11  (10.0.22631) 64bit Core' Language: 'ja' Physical Memory: 16251 MB
BatchMode: 1, IsHumanControllingUs: 0, StartBugReporterOnCrash: 0, Is64bit: 1, IsPro: 1

COMMAND LINE ARGUMENTS:
D:\2021.3.23f1\Editor\Unity.exe
-adb2
-batchMode
-noUpm
-name
AssetImportWorker2
-projectPath
D:/SoulvaniaProject/EdensDooR
-logFile
Logs/AssetImportWorker2.log
-srvPort
55617
Successfully changed project path to: D:/SoulvaniaProject/EdensDooR
D:/SoulvaniaProject/EdensDooR
[UnityMemory] Configuration Parameters - Can be set up in boot.config
    "memorysetup-bucket-allocator-granularity=16"
    "memorysetup-bucket-allocator-bucket-count=8"
    "memorysetup-bucket-allocator-block-size=33554432"
    "memorysetup-bucket-allocator-block-count=8"
    "memorysetup-main-allocator-block-size=16777216"
    "memorysetup-thread-allocator-block-size=16777216"
    "memorysetup-gfx-main-allocator-block-size=16777216"
    "memorysetup-gfx-thread-allocator-block-size=16777216"
    "memorysetup-cache-allocator-block-size=4194304"
    "memorysetup-typetree-allocator-block-size=2097152"
    "memorysetup-profiler-bucket-allocator-granularity=16"
    "memorysetup-profiler-bucket-allocator-bucket-count=8"
    "memorysetup-profiler-bucket-allocator-block-size=33554432"
    "memorysetup-profiler-bucket-allocator-block-count=8"
    "memorysetup-profiler-allocator-block-size=16777216"
    "memorysetup-profiler-editor-allocator-block-size=1048576"
    "memorysetup-temp-allocator-size-main=16777216"
    "memorysetup-job-temp-allocator-block-size=2097152"
    "memorysetup-job-temp-allocator-block-size-background=1048576"
    "memorysetup-job-temp-allocator-reduction-small-platforms=262144"
    "memorysetup-temp-allocator-size-background-worker=32768"
    "memorysetup-temp-allocator-size-job-worker=262144"
    "memorysetup-temp-allocator-size-preload-manager=33554432"
    "memorysetup-temp-allocator-size-nav-mesh-worker=65536"
    "memorysetup-temp-allocator-size-audio-worker=65536"
    "memorysetup-temp-allocator-size-cloud-worker=32768"
    "memorysetup-temp-allocator-size-gi-baking-worker=262144"
    "memorysetup-temp-allocator-size-gfx=262144"
Player connection [16784] Host "[IP] 192.168.2.136 [Port] 0 [Flags] 2 [Guid] 2562272047 [EditorId] 2562272047 [Version] 1048832 [Id] WindowsEditor(7,LAPTOP-0BMJ3B6K) [Debug] 1 [PackageName] WindowsEditor [ProjectName] Editor" joined multi-casting on [225.0.0.222:54997]...

Player connection [16784] Host "[IP] 192.168.2.136 [Port] 0 [Flags] 2 [Guid] 2562272047 [EditorId] 2562272047 [Version] 1048832 [Id] WindowsEditor(7,LAPTOP-0BMJ3B6K) [Debug] 1 [PackageName] WindowsEditor [ProjectName] Editor" joined alternative multi-casting on [225.0.0.222:34997]...

Refreshing native plugins compatible for Editor in 122.31 ms, found 6 plugins.
Preloading 0 native plugins for Editor in 0.00 ms.
Initialize engine version: 2021.3.23f1 (213b516bf396)
[Subsystems] Discovering subsystems at path D:/2021.3.23f1/Editor/Data/Resources/UnitySubsystems
[Subsystems] Discovering subsystems at path D:/SoulvaniaProject/EdensDooR/Assets
GfxDevice: creating device client; threaded=0; jobified=0
Direct3D:
    Version:  Direct3D 11.0 [level 11.1]
    Renderer: NVIDIA GeForce GTX 1650 Ti (ID=0x1f95)
    Vendor:   NVIDIA
    VRAM:     3950 MB
    Driver:   31.0.15.4633
Shader 'Custom/RainShader': fallback shader 'Particles/Alpha Blended' not found
Initialize mono
Mono path[0] = 'D:/2021.3.23f1/Editor/Data/Managed'
Mono path[1] = 'D:/2021.3.23f1/Editor/Data/MonoBleedingEdge/lib/mono/unityjit-win32'
Mono config path = 'D:/2021.3.23f1/Editor/Data/MonoBleedingEdge/etc'
Using monoOptions --debugger-agent=transport=dt_socket,embedding=1,server=y,suspend=n,address=127.0.0.1:56368
Begin MonoManager ReloadAssembly
Registering precompiled unity dll's ...
Register platform support module: D:/2021.3.23f1/Editor/Data/PlaybackEngines/WindowsStandaloneSupport/UnityEditor.WindowsStandalone.Extensions.dll
Registered in 0.001555 seconds.
Native extension for WindowsStandalone target not found
Refreshing native plugins compatible for Editor in 108.13 ms, found 6 plugins.
Preloading 0 native plugins for Editor in 0.00 ms.
Mono: successfully reloaded assembly
- Completed reload, in  0.668 seconds
Domain Reload Profiling:
	ReloadAssembly (668ms)
		BeginReloadAssembly (104ms)
			ExecutionOrderSort (0ms)
			DisableScriptedObjects (0ms)
			BackupInstance (0ms)
			ReleaseScriptingObjects (0ms)
			CreateAndSetChildDomain (1ms)
		EndReloadAssembly (473ms)
			LoadAssemblies (104ms)
			RebuildTransferFunctionScriptingTraits (0ms)
			SetupTypeCache (112ms)
			ReleaseScriptCaches (0ms)
			RebuildScriptCaches (29ms)
			SetupLoadedEditorAssemblies (284ms)
				LogAssemblyErrors (0ms)
				InitializePlatformSupportModulesInManaged (7ms)
				SetLoadedEditorAssemblies (0ms)
				RefreshPlugins (108ms)
				BeforeProcessingInitializeOnLoad (1ms)
				ProcessInitializeOnLoadAttributes (123ms)
				ProcessInitializeOnLoadMethodAttributes (45ms)
				AfterProcessingInitializeOnLoad (0ms)
				EditorAssembliesLoaded (0ms)
			ExecutionOrderSort2 (0ms)
			AwakeInstancesAfterBackupRestoration (0ms)
Platform modules already initialized, skipping
Registering precompiled user dll's ...
Registered in 0.005996 seconds.
Begin MonoManager ReloadAssembly
Symbol file LoadedFromMemory doesn't match image D:\SoulvaniaProject\EdensDooR\Library\PackageCache\com.unity.visualscripting@1.8.0\Editor\VisualScripting.Core\Dependencies\YamlDotNet\Unity.VisualScripting.YamlDotNet.dll
Symbol file LoadedFromMemory doesn't match image D:\SoulvaniaProject\EdensDooR\Library\PackageCache\com.unity.visualscripting@1.8.0\Editor\VisualScripting.Core\Dependencies\DotNetZip\Unity.VisualScripting.IonicZip.dll
Native extension for WindowsStandalone target not found
Refreshing native plugins compatible for Editor in 104.69 ms, found 6 plugins.
Preloading 0 native plugins for Editor in 0.00 ms.
Mono: successfully reloaded assembly
- Completed reload, in  1.274 seconds
Domain Reload Profiling:
	ReloadAssembly (1274ms)
		BeginReloadAssembly (124ms)
			ExecutionOrderSort (0ms)
			DisableScriptedObjects (5ms)
			BackupInstance (0ms)
			ReleaseScriptingObjects (0ms)
			CreateAndSetChildDomain (18ms)
		EndReloadAssembly (1058ms)
			LoadAssemblies (102ms)
			RebuildTransferFunctionScriptingTraits (0ms)
			SetupTypeCache (224ms)
			ReleaseScriptCaches (1ms)
			RebuildScriptCaches (67ms)
			SetupLoadedEditorAssemblies (648ms)
				LogAssemblyErrors (0ms)
				InitializePlatformSupportModulesInManaged (3ms)
				SetLoadedEditorAssemblies (0ms)
				RefreshPlugins (105ms)
				BeforeProcessingInitializeOnLoad (91ms)
				ProcessInitializeOnLoadAttributes (414ms)
				ProcessInitializeOnLoadMethodAttributes (34ms)
				AfterProcessingInitializeOnLoad (2ms)
				EditorAssembliesLoaded (0ms)
			ExecutionOrderSort2 (0ms)
			AwakeInstancesAfterBackupRestoration (5ms)
Platform modules already initialized, skipping
========================================================================
Worker process is ready to serve import requests
Shader 'Custom/RainShader': fallback shader 'Particles/Alpha Blended' not found
Launched and connected shader compiler UnityShaderCompiler.exe after 0.08 seconds
Refreshing native plugins compatible for Editor in 1.51 ms, found 6 plugins.
Preloading 0 native plugins for Editor in 0.00 ms.
Unloading 4302 Unused Serialized files (Serialized files now loaded: 0)
Unloading 55 unused Assets / (244.2 KB). Loaded Objects now: 4781.
Memory consumption went from 186.9 MB to 186.7 MB.
Total: 4.348100 ms (FindLiveObjects: 0.559800 ms CreateObjectMapping: 0.754400 ms MarkObjects: 2.903400 ms  DeleteObjects: 0.129300 ms)

AssetImportParameters requested are different than current active one (requested -> active):
  custom:video-decoder-ogg-theora: a1e56fd34408186e4bbccfd4996cb3dc -> 
  custom:container-muxer-webm: aa71ff27fc2769a1b78a27578f13a17b -> 
  custom:container-demuxer-webm: 4f35f7cbe854078d1ac9338744f61a02 -> 
  custom:video-encoder-webm-vp8: eb34c28f22e8b96e1ab97ce403110664 -> 
  custom:video-codec-MediaFoundation-h265: 746d11721c4dcdbdad8f713fa42b33f4 -> 
  custom:audio-encoder-webm-vorbis: bf7c407c2cedff20999df2af8eb42d56 -> 
  custom:framework-win-MediaFoundation: 216162199b28c13a410421893ffa2e32 -> 
  custom:container-demuxer-ogg: 62fdf1f143b41e24485cea50d1cbac27 -> 
  custom:video-decoder-webm-vp8: 9c59270c3fd7afecdb556c50c9e8de78 -> 
  custom:audio-decoder-ogg-vorbis: bf7c407c2cedff20999df2af8eb42d56 -> 
========================================================================
Received Import Request.
  Time since last request: 7704.969480 seconds.
  path: Assets/SU3DJPFont/TextMeshProFont/Dynamic/mplus-2m-regular SDF Dynamic.asset
  artifactKey: Guid(ac1eddfdb36c2994eb798b47d9830b4a) Importer(815301076,1909f56bfc062723c751e8b465ee728b)
Start importing Assets/SU3DJPFont/TextMeshProFont/Dynamic/mplus-2m-regular SDF Dynamic.asset using Guid(ac1eddfdb36c2994eb798b47d9830b4a) Importer(815301076,1909f56bfc062723c751e8b465ee728b)  -> (artifact id: 'dd396b36bf04a9f617af40cfa5f19320') in 0.306213 seconds 
========================================================================
Received Import Request.
  Time since last request: 81.058743 seconds.
  path: Assets/SU3DJPFont/TextMeshProFont/Dynamic/mplus-2m-medium SDF Dynamic.asset
  artifactKey: Guid(0ff6df91eb3690a4d9dc9311e6850c55) Importer(815301076,1909f56bfc062723c751e8b465ee728b)
Start importing Assets/SU3DJPFont/TextMeshProFont/Dynamic/mplus-2m-medium SDF Dynamic.asset using Guid(0ff6df91eb3690a4d9dc9311e6850c55) Importer(815301076,1909f56bfc062723c751e8b465ee728b)  -> (artifact id: 'a7097effcf67ff8082d103388cf2e1d8') in 0.097770 seconds 
========================================================================
Received Import Request.
  Time since last request: 0.000022 seconds.
  path: Assets/SU3DJPFont/TextMeshProFont/Dynamic/mplus-1p-regular SDF Dynamic.asset
  artifactKey: Guid(fefe5870091d25a4b9dfd6f28eebeee9) Importer(815301076,1909f56bfc062723c751e8b465ee728b)
Start importing Assets/SU3DJPFont/TextMeshProFont/Dynamic/mplus-1p-regular SDF Dynamic.asset using Guid(fefe5870091d25a4b9dfd6f28eebeee9) Importer(815301076,1909f56bfc062723c751e8b465ee728b)  -> (artifact id: '7c71822d590263cf60d47d60da02def5') in 0.148456 seconds 
========================================================================
Received Import Request.
  Time since last request: 1.768279 seconds.
  path: Assets/Prefabs/UI/CraftSlot.prefab
  artifactKey: Guid(a93e19c4640c99943a423fc2311077c6) Importer(815301076,1909f56bfc062723c751e8b465ee728b)
Start importing Assets/Prefabs/UI/CraftSlot.prefab using Guid(a93e19c4640c99943a423fc2311077c6) Importer(815301076,1909f56bfc062723c751e8b465ee728b)  -> (artifact id: 'e0a1578b873e089d8639e24275372548') in 0.105904 seconds 
========================================================================
Received Import Request.
  Time since last request: 0.825466 seconds.
  path: Assets/Prefabs/UI/CraftSlot.prefab
  artifactKey: Guid(a93e19c4640c99943a423fc2311077c6) Importer(815301076,1909f56bfc062723c751e8b465ee728b)
Start importing Assets/Prefabs/UI/CraftSlot.prefab using Guid(a93e19c4640c99943a423fc2311077c6) Importer(815301076,1909f56bfc062723c751e8b465ee728b)  -> (artifact id: '5dc93475686da9a4a9fe90b001a9dfc2') in 0.021010 seconds 
========================================================================
Received Import Request.
  Time since last request: 0.918978 seconds.
  path: Assets/Prefabs/UI/CraftSlot.prefab
  artifactKey: Guid(a93e19c4640c99943a423fc2311077c6) Importer(815301076,1909f56bfc062723c751e8b465ee728b)
Start importing Assets/Prefabs/UI/CraftSlot.prefab using Guid(a93e19c4640c99943a423fc2311077c6) Importer(815301076,1909f56bfc062723c751e8b465ee728b)  -> (artifact id: '5dad04e231c1464def4dff39f3cfb5f2') in 0.090864 seconds 
========================================================================
Received Import Request.
  Time since last request: 113.216186 seconds.
  path: Assets/Prefabs/UI/CraftSlot.prefab
  artifactKey: Guid(a93e19c4640c99943a423fc2311077c6) Importer(815301076,1909f56bfc062723c751e8b465ee728b)
Start importing Assets/Prefabs/UI/CraftSlot.prefab using Guid(a93e19c4640c99943a423fc2311077c6) Importer(815301076,1909f56bfc062723c751e8b465ee728b)  -> (artifact id: '77ac2c49577c9a78b297ae22aafe036e') in 0.087000 seconds 
========================================================================
Received Import Request.
  Time since last request: 6.756070 seconds.
  path: Assets/Prefabs/UI/CraftSlot.prefab
  artifactKey: Guid(a93e19c4640c99943a423fc2311077c6) Importer(815301076,1909f56bfc062723c751e8b465ee728b)
Start importing Assets/Prefabs/UI/CraftSlot.prefab using Guid(a93e19c4640c99943a423fc2311077c6) Importer(815301076,1909f56bfc062723c751e8b465ee728b)  -> (artifact id: 'e819b28faaab2628629a0a454323ba6d') in 0.086750 seconds 
========================================================================
Received Import Request.
  Time since last request: 84.813781 seconds.
  path: Assets/Prefabs/UI/CraftSlot.prefab
  artifactKey: Guid(a93e19c4640c99943a423fc2311077c6) Importer(815301076,1909f56bfc062723c751e8b465ee728b)
Start importing Assets/Prefabs/UI/CraftSlot.prefab using Guid(a93e19c4640c99943a423fc2311077c6) Importer(815301076,1909f56bfc062723c751e8b465ee728b)  -> (artifact id: '85367f2cc1fa83a1c4e938767cc8eebe') in 0.090852 seconds 
========================================================================
Received Import Request.
  Time since last request: 3.905246 seconds.
  path: Assets/Prefabs/UI/CraftSlot.prefab
  artifactKey: Guid(a93e19c4640c99943a423fc2311077c6) Importer(815301076,1909f56bfc062723c751e8b465ee728b)
Start importing Assets/Prefabs/UI/CraftSlot.prefab using Guid(a93e19c4640c99943a423fc2311077c6) Importer(815301076,1909f56bfc062723c751e8b465ee728b)  -> (artifact id: 'b3a7981f6645d10a473106ea770115e4') in 0.088078 seconds 
========================================================================
Received Import Request.
  Time since last request: 71.815076 seconds.
  path: Assets/Prefabs/UI/CraftSlot.prefab
  artifactKey: Guid(a93e19c4640c99943a423fc2311077c6) Importer(815301076,1909f56bfc062723c751e8b465ee728b)
Start importing Assets/Prefabs/UI/CraftSlot.prefab using Guid(a93e19c4640c99943a423fc2311077c6) Importer(815301076,1909f56bfc062723c751e8b465ee728b)  -> (artifact id: '5606a63953a49694d44ccdefc88fc5a4') in 0.092256 seconds 
========================================================================
Received Import Request.
  Time since last request: 3.496160 seconds.
  path: Assets/Prefabs/UI/CraftSlot.prefab
  artifactKey: Guid(a93e19c4640c99943a423fc2311077c6) Importer(815301076,1909f56bfc062723c751e8b465ee728b)
Start importing Assets/Prefabs/UI/CraftSlot.prefab using Guid(a93e19c4640c99943a423fc2311077c6) Importer(815301076,1909f56bfc062723c751e8b465ee728b)  -> (artifact id: '15f19a35fb639518c5e024bddaa1d212') in 0.089127 seconds 
========================================================================
Received Import Request.
  Time since last request: 4.400199 seconds.
  path: Assets/Prefabs/UI/CraftSlot.prefab
  artifactKey: Guid(a93e19c4640c99943a423fc2311077c6) Importer(815301076,1909f56bfc062723c751e8b465ee728b)
Start importing Assets/Prefabs/UI/CraftSlot.prefab using Guid(a93e19c4640c99943a423fc2311077c6) Importer(815301076,1909f56bfc062723c751e8b465ee728b)  -> (artifact id: 'd6ac8ff4c590ad96a8879e0ba2f7a76c') in 0.093880 seconds 
========================================================================
Received Import Request.
  Time since last request: 7.744594 seconds.
  path: Assets/Prefabs/UI/CraftSlot.prefab
  artifactKey: Guid(a93e19c4640c99943a423fc2311077c6) Importer(815301076,1909f56bfc062723c751e8b465ee728b)
Start importing Assets/Prefabs/UI/CraftSlot.prefab using Guid(a93e19c4640c99943a423fc2311077c6) Importer(815301076,1909f56bfc062723c751e8b465ee728b)  -> (artifact id: '62cf5d5f3764220f62d95aeec49bcb8b') in 0.084895 seconds 
========================================================================
Received Prepare
Registering precompiled user dll's ...
Registered in 0.030439 seconds.
Begin MonoManager ReloadAssembly
Symbol file LoadedFromMemory doesn't match image D:\SoulvaniaProject\EdensDooR\Library\PackageCache\com.unity.visualscripting@1.8.0\Editor\VisualScripting.Core\Dependencies\YamlDotNet\Unity.VisualScripting.YamlDotNet.dll
Symbol file LoadedFromMemory doesn't match image D:\SoulvaniaProject\EdensDooR\Library\PackageCache\com.unity.visualscripting@1.8.0\Editor\VisualScripting.Core\Dependencies\DotNetZip\Unity.VisualScripting.IonicZip.dll
Native extension for WindowsStandalone target not found
Refreshing native plugins compatible for Editor in 1.39 ms, found 6 plugins.
Preloading 0 native plugins for Editor in 0.00 ms.
Mono: successfully reloaded assembly
- Completed reload, in  2.478 seconds
Domain Reload Profiling:
	ReloadAssembly (2479ms)
		BeginReloadAssembly (451ms)
			ExecutionOrderSort (0ms)
			DisableScriptedObjects (17ms)
			BackupInstance (0ms)
			ReleaseScriptingObjects (0ms)
			CreateAndSetChildDomain (75ms)
		EndReloadAssembly (1856ms)
			LoadAssemblies (425ms)
			RebuildTransferFunctionScriptingTraits (0ms)
			SetupTypeCache (525ms)
			ReleaseScriptCaches (3ms)
			RebuildScriptCaches (113ms)
			SetupLoadedEditorAssemblies (929ms)
				LogAssemblyErrors (0ms)
				InitializePlatformSupportModulesInManaged (6ms)
				SetLoadedEditorAssemblies (1ms)
				RefreshPlugins (1ms)
				BeforeProcessingInitializeOnLoad (125ms)
				ProcessInitializeOnLoadAttributes (736ms)
				ProcessInitializeOnLoadMethodAttributes (56ms)
				AfterProcessingInitializeOnLoad (4ms)
				EditorAssembliesLoaded (0ms)
			ExecutionOrderSort2 (0ms)
			AwakeInstancesAfterBackupRestoration (13ms)
Platform modules already initialized, skipping
Shader 'Custom/RainShader': fallback shader 'Particles/Alpha Blended' not found
Refreshing native plugins compatible for Editor in 10.12 ms, found 6 plugins.
Preloading 0 native plugins for Editor in 0.00 ms.
Unloading 4272 Unused Serialized files (Serialized files now loaded: 0)
Unloading 31 unused Assets / (236.8 KB). Loaded Objects now: 4839.
Memory consumption went from 188.4 MB to 188.1 MB.
Total: 6.811700 ms (FindLiveObjects: 0.504900 ms CreateObjectMapping: 0.434100 ms MarkObjects: 5.639900 ms  DeleteObjects: 0.231100 ms)

AssetImportParameters requested are different than current active one (requested -> active):
  custom:video-decoder-ogg-theora: a1e56fd34408186e4bbccfd4996cb3dc -> 
  custom:container-muxer-webm: aa71ff27fc2769a1b78a27578f13a17b -> 
  custom:container-demuxer-webm: 4f35f7cbe854078d1ac9338744f61a02 -> 
  custom:video-encoder-webm-vp8: eb34c28f22e8b96e1ab97ce403110664 -> 
  custom:video-codec-MediaFoundation-h265: 746d11721c4dcdbdad8f713fa42b33f4 -> 
  custom:audio-encoder-webm-vorbis: bf7c407c2cedff20999df2af8eb42d56 -> 
  custom:framework-win-MediaFoundation: 216162199b28c13a410421893ffa2e32 -> 
  custom:container-demuxer-ogg: 62fdf1f143b41e24485cea50d1cbac27 -> 
  custom:video-decoder-webm-vp8: 9c59270c3fd7afecdb556c50c9e8de78 -> 
  custom:audio-decoder-ogg-vorbis: bf7c407c2cedff20999df2af8eb42d56 -> 
========================================================================
Received Prepare
Registering precompiled user dll's ...
Registered in 0.026391 seconds.
