Using pre-set license
Built from '2021.3/staging' branch; Version is '2021.3.23f1 (213b516bf396) revision 2177873'; Using compiler version '192829333'; Build Type 'Release'
OS: 'Windows 11  (10.0.22621) 64bit Core' Language: 'ja' Physical Memory: 16251 MB
BatchMode: 1, IsHumanControllingUs: 0, StartBugReporterOnCrash: 0, Is64bit: 1, IsPro: 1

COMMAND LINE ARGUMENTS:
D:\2021.3.23f1\Editor\Unity.exe
-adb2
-batchMode
-noUpm
-name
AssetImportWorker6
-projectPath
D:/SoulvaniaProject/EdensDooR
-logFile
Logs/AssetImportWorker6.log
-srvPort
51491
Successfully changed project path to: D:/SoulvaniaProject/EdensDooR
D:/SoulvaniaProject/EdensDooR
[UnityMemory] Configuration Parameters - Can be set up in boot.config
    "memorysetup-bucket-allocator-granularity=16"
    "memorysetup-bucket-allocator-bucket-count=8"
    "memorysetup-bucket-allocator-block-size=33554432"
    "memorysetup-bucket-allocator-block-count=8"
    "memorysetup-main-allocator-block-size=16777216"
    "memorysetup-thread-allocator-block-size=16777216"
    "memorysetup-gfx-main-allocator-block-size=16777216"
    "memorysetup-gfx-thread-allocator-block-size=16777216"
    "memorysetup-cache-allocator-block-size=4194304"
    "memorysetup-typetree-allocator-block-size=2097152"
    "memorysetup-profiler-bucket-allocator-granularity=16"
    "memorysetup-profiler-bucket-allocator-bucket-count=8"
    "memorysetup-profiler-bucket-allocator-block-size=33554432"
    "memorysetup-profiler-bucket-allocator-block-count=8"
    "memorysetup-profiler-allocator-block-size=16777216"
    "memorysetup-profiler-editor-allocator-block-size=1048576"
    "memorysetup-temp-allocator-size-main=16777216"
    "memorysetup-job-temp-allocator-block-size=2097152"
    "memorysetup-job-temp-allocator-block-size-background=1048576"
    "memorysetup-job-temp-allocator-reduction-small-platforms=262144"
    "memorysetup-temp-allocator-size-background-worker=32768"
    "memorysetup-temp-allocator-size-job-worker=262144"
    "memorysetup-temp-allocator-size-preload-manager=33554432"
    "memorysetup-temp-allocator-size-nav-mesh-worker=65536"
    "memorysetup-temp-allocator-size-audio-worker=65536"
    "memorysetup-temp-allocator-size-cloud-worker=32768"
    "memorysetup-temp-allocator-size-gi-baking-worker=262144"
    "memorysetup-temp-allocator-size-gfx=262144"
Player connection [23260] Host "[IP] 192.168.2.136 [Port] 0 [Flags] 2 [Guid] 413936404 [EditorId] 413936404 [Version] 1048832 [Id] WindowsEditor(7,LAPTOP-0BMJ3B6K) [Debug] 1 [PackageName] WindowsEditor [ProjectName] Editor" joined multi-casting on [225.0.0.222:54997]...

Player connection [23260] Host "[IP] 192.168.2.136 [Port] 0 [Flags] 2 [Guid] 413936404 [EditorId] 413936404 [Version] 1048832 [Id] WindowsEditor(7,LAPTOP-0BMJ3B6K) [Debug] 1 [PackageName] WindowsEditor [ProjectName] Editor" joined alternative multi-casting on [225.0.0.222:34997]...

Refreshing native plugins compatible for Editor in 105.78 ms, found 6 plugins.
Preloading 0 native plugins for Editor in 0.00 ms.
Initialize engine version: 2021.3.23f1 (213b516bf396)
[Subsystems] Discovering subsystems at path D:/2021.3.23f1/Editor/Data/Resources/UnitySubsystems
[Subsystems] Discovering subsystems at path D:/SoulvaniaProject/EdensDooR/Assets
GfxDevice: creating device client; threaded=0; jobified=0
Direct3D:
    Version:  Direct3D 11.0 [level 11.1]
    Renderer: NVIDIA GeForce GTX 1650 Ti (ID=0x1f95)
    Vendor:   NVIDIA
    VRAM:     3950 MB
    Driver:   31.0.15.4633
Shader 'Custom/RainShader': fallback shader 'Particles/Alpha Blended' not found
Initialize mono
Mono path[0] = 'D:/2021.3.23f1/Editor/Data/Managed'
Mono path[1] = 'D:/2021.3.23f1/Editor/Data/MonoBleedingEdge/lib/mono/unityjit-win32'
Mono config path = 'D:/2021.3.23f1/Editor/Data/MonoBleedingEdge/etc'
Using monoOptions --debugger-agent=transport=dt_socket,embedding=1,server=y,suspend=n,address=127.0.0.1:56928
Begin MonoManager ReloadAssembly
Registering precompiled unity dll's ...
Register platform support module: D:/2021.3.23f1/Editor/Data/PlaybackEngines/WindowsStandaloneSupport/UnityEditor.WindowsStandalone.Extensions.dll
Registered in 0.001346 seconds.
Native extension for WindowsStandalone target not found
Refreshing native plugins compatible for Editor in 98.41 ms, found 6 plugins.
Preloading 0 native plugins for Editor in 0.00 ms.
Mono: successfully reloaded assembly
- Completed reload, in  0.567 seconds
Domain Reload Profiling:
	ReloadAssembly (568ms)
		BeginReloadAssembly (84ms)
			ExecutionOrderSort (0ms)
			DisableScriptedObjects (0ms)
			BackupInstance (0ms)
			ReleaseScriptingObjects (0ms)
			CreateAndSetChildDomain (1ms)
		EndReloadAssembly (410ms)
			LoadAssemblies (84ms)
			RebuildTransferFunctionScriptingTraits (0ms)
			SetupTypeCache (96ms)
			ReleaseScriptCaches (0ms)
			RebuildScriptCaches (26ms)
			SetupLoadedEditorAssemblies (249ms)
				LogAssemblyErrors (0ms)
				InitializePlatformSupportModulesInManaged (5ms)
				SetLoadedEditorAssemblies (0ms)
				RefreshPlugins (98ms)
				BeforeProcessingInitializeOnLoad (1ms)
				ProcessInitializeOnLoadAttributes (107ms)
				ProcessInitializeOnLoadMethodAttributes (37ms)
				AfterProcessingInitializeOnLoad (0ms)
				EditorAssembliesLoaded (0ms)
			ExecutionOrderSort2 (0ms)
			AwakeInstancesAfterBackupRestoration (0ms)
Platform modules already initialized, skipping
Registering precompiled user dll's ...
Registered in 0.005315 seconds.
Begin MonoManager ReloadAssembly
Symbol file LoadedFromMemory doesn't match image D:\SoulvaniaProject\EdensDooR\Library\PackageCache\com.unity.visualscripting@1.8.0\Editor\VisualScripting.Core\Dependencies\YamlDotNet\Unity.VisualScripting.YamlDotNet.dll
Symbol file LoadedFromMemory doesn't match image D:\SoulvaniaProject\EdensDooR\Library\PackageCache\com.unity.visualscripting@1.8.0\Editor\VisualScripting.Core\Dependencies\DotNetZip\Unity.VisualScripting.IonicZip.dll
Native extension for WindowsStandalone target not found
Refreshing native plugins compatible for Editor in 107.56 ms, found 6 plugins.
Preloading 0 native plugins for Editor in 0.00 ms.
Mono: successfully reloaded assembly
- Completed reload, in  1.236 seconds
Domain Reload Profiling:
	ReloadAssembly (1237ms)
		BeginReloadAssembly (109ms)
			ExecutionOrderSort (0ms)
			DisableScriptedObjects (5ms)
			BackupInstance (0ms)
			ReleaseScriptingObjects (0ms)
			CreateAndSetChildDomain (16ms)
		EndReloadAssembly (1044ms)
			LoadAssemblies (93ms)
			RebuildTransferFunctionScriptingTraits (0ms)
			SetupTypeCache (222ms)
			ReleaseScriptCaches (1ms)
			RebuildScriptCaches (57ms)
			SetupLoadedEditorAssemblies (652ms)
				LogAssemblyErrors (0ms)
				InitializePlatformSupportModulesInManaged (2ms)
				SetLoadedEditorAssemblies (0ms)
				RefreshPlugins (108ms)
				BeforeProcessingInitializeOnLoad (85ms)
				ProcessInitializeOnLoadAttributes (421ms)
				ProcessInitializeOnLoadMethodAttributes (33ms)
				AfterProcessingInitializeOnLoad (2ms)
				EditorAssembliesLoaded (0ms)
			ExecutionOrderSort2 (0ms)
			AwakeInstancesAfterBackupRestoration (5ms)
Platform modules already initialized, skipping
========================================================================
Worker process is ready to serve import requests
Shader 'Custom/RainShader': fallback shader 'Particles/Alpha Blended' not found
Launched and connected shader compiler UnityShaderCompiler.exe after 0.05 seconds
Refreshing native plugins compatible for Editor in 0.84 ms, found 6 plugins.
Preloading 0 native plugins for Editor in 0.00 ms.
Unloading 4302 Unused Serialized files (Serialized files now loaded: 0)
Unloading 56 unused Assets / (270.2 KB). Loaded Objects now: 4774.
Memory consumption went from 179.7 MB to 179.4 MB.
Total: 3.225200 ms (FindLiveObjects: 0.299500 ms CreateObjectMapping: 0.256500 ms MarkObjects: 2.526900 ms  DeleteObjects: 0.141700 ms)

AssetImportParameters requested are different than current active one (requested -> active):
  custom:video-decoder-ogg-theora: a1e56fd34408186e4bbccfd4996cb3dc -> 
  custom:container-muxer-webm: aa71ff27fc2769a1b78a27578f13a17b -> 
  custom:container-demuxer-webm: 4f35f7cbe854078d1ac9338744f61a02 -> 
  custom:video-encoder-webm-vp8: eb34c28f22e8b96e1ab97ce403110664 -> 
  custom:video-codec-MediaFoundation-h265: 746d11721c4dcdbdad8f713fa42b33f4 -> 
  custom:audio-encoder-webm-vorbis: bf7c407c2cedff20999df2af8eb42d56 -> 
  custom:framework-win-MediaFoundation: 216162199b28c13a410421893ffa2e32 -> 
  custom:container-demuxer-ogg: 62fdf1f143b41e24485cea50d1cbac27 -> 
  custom:video-decoder-webm-vp8: 9c59270c3fd7afecdb556c50c9e8de78 -> 
  custom:audio-decoder-ogg-vorbis: bf7c407c2cedff20999df2af8eb42d56 -> 
========================================================================
Received Import Request.
  Time since last request: 54547.002637 seconds.
  path: Assets/SU3DJPFont/TextMeshProFont/Selected/mplus-2m-thin SDF.asset
  artifactKey: Guid(5d1e22d4f8cc6634cba9e8a034126ae8) Importer(815301076,1909f56bfc062723c751e8b465ee728b)
Start importing Assets/SU3DJPFont/TextMeshProFont/Selected/mplus-2m-thin SDF.asset using Guid(5d1e22d4f8cc6634cba9e8a034126ae8) Importer(815301076,1909f56bfc062723c751e8b465ee728b)  -> (artifact id: 'dfc87b001aea66278751e71ae2c8cb6e') in 0.888997 seconds 
========================================================================
Received Import Request.
  Time since last request: 0.133038 seconds.
  path: Assets/SU3DJPFont/TextMeshProFont/Dynamic/mplus-2m-medium SDF Dynamic.asset
  artifactKey: Guid(0ff6df91eb3690a4d9dc9311e6850c55) Importer(815301076,1909f56bfc062723c751e8b465ee728b)
Start importing Assets/SU3DJPFont/TextMeshProFont/Dynamic/mplus-2m-medium SDF Dynamic.asset using Guid(0ff6df91eb3690a4d9dc9311e6850c55) Importer(815301076,1909f56bfc062723c751e8b465ee728b)  -> (artifact id: '7b298904e89850f4b7def95f7b0c0783') in 0.528130 seconds 
========================================================================
Received Import Request.
  Time since last request: 0.000032 seconds.
  path: Assets/SU3DJPFont/TextMeshProFont/Dynamic/mplus-1p-thin SDF Dynamic.asset
  artifactKey: Guid(c2312761d6138d34c97d2fccab8a3507) Importer(815301076,1909f56bfc062723c751e8b465ee728b)
Start importing Assets/SU3DJPFont/TextMeshProFont/Dynamic/mplus-1p-thin SDF Dynamic.asset using Guid(c2312761d6138d34c97d2fccab8a3507) Importer(815301076,1909f56bfc062723c751e8b465ee728b)  -> (artifact id: '1ffa7fb4b758c9a08f2ba87313bd6c27') in 0.654184 seconds 
========================================================================
Received Import Request.
  Time since last request: 0.000025 seconds.
  path: Assets/SU3DJPFont/TextMeshProFont/Selected/mplus-2m-light SDF.asset
  artifactKey: Guid(bbd8a03c4e0a6c74db2ea422d56165b5) Importer(815301076,1909f56bfc062723c751e8b465ee728b)
Start importing Assets/SU3DJPFont/TextMeshProFont/Selected/mplus-2m-light SDF.asset using Guid(bbd8a03c4e0a6c74db2ea422d56165b5) Importer(815301076,1909f56bfc062723c751e8b465ee728b)  -> (artifact id: '134362177f9333024ff205bc42cdde05') in 2.602139 seconds 
========================================================================
Received Import Request.
  Time since last request: 0.000018 seconds.
  path: Assets/SU3DJPFont/TextMeshProFont/Dynamic/mplus-1c-regular SDF Dynamic.asset
  artifactKey: Guid(759ea2e917ddbd748bbae914312e50db) Importer(815301076,1909f56bfc062723c751e8b465ee728b)
Start importing Assets/SU3DJPFont/TextMeshProFont/Dynamic/mplus-1c-regular SDF Dynamic.asset using Guid(759ea2e917ddbd748bbae914312e50db) Importer(815301076,1909f56bfc062723c751e8b465ee728b)  -> (artifact id: 'e198a7f43de1fbbde8f23622410de3bf') in 0.176291 seconds 
========================================================================
Received Import Request.
  Time since last request: 0.000020 seconds.
  path: Assets/SU3DJPFont/TextMeshProFont/Dynamic/mplus-1c-thin SDF Dynamic.asset
  artifactKey: Guid(0a60499eecd1b4e4889b36c308d2c9af) Importer(815301076,1909f56bfc062723c751e8b465ee728b)
Start importing Assets/SU3DJPFont/TextMeshProFont/Dynamic/mplus-1c-thin SDF Dynamic.asset using Guid(0a60499eecd1b4e4889b36c308d2c9af) Importer(815301076,1909f56bfc062723c751e8b465ee728b)  -> (artifact id: '1ecd50ee88a64b52c1d4c2b25f1ea0ea') in 0.301441 seconds 
========================================================================
Received Import Request.
  Time since last request: 0.000015 seconds.
  path: Assets/SU3DJPFont/TextMeshProFont/Dynamic/mplus-2c-heavy SDF Dynamic.asset
  artifactKey: Guid(d94daef05fa7cc34cb5c81214d5aea3e) Importer(815301076,1909f56bfc062723c751e8b465ee728b)
Start importing Assets/SU3DJPFont/TextMeshProFont/Dynamic/mplus-2c-heavy SDF Dynamic.asset using Guid(d94daef05fa7cc34cb5c81214d5aea3e) Importer(815301076,1909f56bfc062723c751e8b465ee728b)  -> (artifact id: 'bd4672a82f6ea885b7e145e78257caac') in 0.404546 seconds 
========================================================================
Received Import Request.
  Time since last request: 0.000038 seconds.
  path: Assets/SU3DJPFont/TextMeshProFont/Dynamic/mplus-1m-light SDF Dynamic.asset
  artifactKey: Guid(85b2e958f4787f749a7f36c5730cad86) Importer(815301076,1909f56bfc062723c751e8b465ee728b)
Start importing Assets/SU3DJPFont/TextMeshProFont/Dynamic/mplus-1m-light SDF Dynamic.asset using Guid(85b2e958f4787f749a7f36c5730cad86) Importer(815301076,1909f56bfc062723c751e8b465ee728b)  -> (artifact id: '7cb99eef8083ea85b7723d28e106790e') in 0.290236 seconds 
========================================================================
Received Import Request.
  Time since last request: 0.000042 seconds.
  path: Assets/TextMesh Pro/Resources/Fonts & Materials/LiberationSans SDF - Fallback.asset
  artifactKey: Guid(2e498d1c8094910479dc3e1b768306a4) Importer(815301076,1909f56bfc062723c751e8b465ee728b)
Start importing Assets/TextMesh Pro/Resources/Fonts & Materials/LiberationSans SDF - Fallback.asset using Guid(2e498d1c8094910479dc3e1b768306a4) Importer(815301076,1909f56bfc062723c751e8b465ee728b)  -> (artifact id: '23f8249da828533ac6838c6e3d01b3f6') in 0.468643 seconds 
========================================================================
Received Import Request.
  Time since last request: 0.000042 seconds.
  path: Assets/SU3DJPFont/TextMeshProFont/Selected/mplus-2c-heavy SDF.asset
  artifactKey: Guid(6bd09f3074e111f48b61b0ea95020654) Importer(815301076,1909f56bfc062723c751e8b465ee728b)
Start importing Assets/SU3DJPFont/TextMeshProFont/Selected/mplus-2c-heavy SDF.asset using Guid(6bd09f3074e111f48b61b0ea95020654) Importer(815301076,1909f56bfc062723c751e8b465ee728b)  -> (artifact id: 'ef34f42103e07272cb22b107edca081f') in 1.516035 seconds 
========================================================================
Received Import Request.
  Time since last request: 0.000015 seconds.
  path: Assets/SU3DJPFont/TextMeshProFont/Selected/mplus-2c-medium SDF.asset
  artifactKey: Guid(31f8b3fb793f1c748bc6d7d30a21a929) Importer(815301076,1909f56bfc062723c751e8b465ee728b)
Start importing Assets/SU3DJPFont/TextMeshProFont/Selected/mplus-2c-medium SDF.asset using Guid(31f8b3fb793f1c748bc6d7d30a21a929) Importer(815301076,1909f56bfc062723c751e8b465ee728b)  -> (artifact id: '07ea34400cf0ce7bbf8751a1a6f04ac6') in 1.768450 seconds 
========================================================================
Received Import Request.
  Time since last request: 0.000023 seconds.
  path: Assets/SU3DJPFont/TextMeshProFont/Dynamic/mplus-1c-bold SDF Dynamic.asset
  artifactKey: Guid(c8ccd8b044de8bd42b1aba46c0ddee8f) Importer(815301076,1909f56bfc062723c751e8b465ee728b)
Start importing Assets/SU3DJPFont/TextMeshProFont/Dynamic/mplus-1c-bold SDF Dynamic.asset using Guid(c8ccd8b044de8bd42b1aba46c0ddee8f) Importer(815301076,1909f56bfc062723c751e8b465ee728b)  -> (artifact id: '6eceeb162e017e552e8ed406fbca48df') in 0.029697 seconds 
========================================================================
Received Import Request.
  Time since last request: 0.000017 seconds.
  path: Assets/SU3DJPFont/TextMeshProFont/Dynamic/mplus-1p-regular SDF Dynamic.asset
  artifactKey: Guid(fefe5870091d25a4b9dfd6f28eebeee9) Importer(815301076,1909f56bfc062723c751e8b465ee728b)
Start importing Assets/SU3DJPFont/TextMeshProFont/Dynamic/mplus-1p-regular SDF Dynamic.asset using Guid(fefe5870091d25a4b9dfd6f28eebeee9) Importer(815301076,1909f56bfc062723c751e8b465ee728b)  -> (artifact id: '297abccfe884ea7caea25ea90b639075') in 0.400164 seconds 
========================================================================
Received Import Request.
  Time since last request: 0.000020 seconds.
  path: Assets/SU3DJPFont/TextMeshProFont/Dynamic/mplus-1c-medium SDF Dynamic.asset
  artifactKey: Guid(3efee4f854459214f87fc6f32795320a) Importer(815301076,1909f56bfc062723c751e8b465ee728b)
Start importing Assets/SU3DJPFont/TextMeshProFont/Dynamic/mplus-1c-medium SDF Dynamic.asset using Guid(3efee4f854459214f87fc6f32795320a) Importer(815301076,1909f56bfc062723c751e8b465ee728b)  -> (artifact id: 'c723c8ed1c66c47102f67263eeb0463f') in 0.047881 seconds 
========================================================================
Received Import Request.
  Time since last request: 0.000013 seconds.
  path: Assets/SU3DJPFont/TextMeshProFont/Selected/mplus-1p-thin SDF.asset
  artifactKey: Guid(009e09fc66848ab4fa3d6b116e18dafa) Importer(815301076,1909f56bfc062723c751e8b465ee728b)
Start importing Assets/SU3DJPFont/TextMeshProFont/Selected/mplus-1p-thin SDF.asset using Guid(009e09fc66848ab4fa3d6b116e18dafa) Importer(815301076,1909f56bfc062723c751e8b465ee728b)  -> (artifact id: '4329dad0982b756d5a4e57db637f1c10') in 1.757576 seconds 
========================================================================
Received Import Request.
  Time since last request: 0.000041 seconds.
  path: Assets/SU3DJPFont/TextMeshProFont/Selected/mplus-2c-black SDF.asset
  artifactKey: Guid(90fa71e449dfb7445bed4a4df25a5989) Importer(815301076,1909f56bfc062723c751e8b465ee728b)
Start importing Assets/SU3DJPFont/TextMeshProFont/Selected/mplus-2c-black SDF.asset using Guid(90fa71e449dfb7445bed4a4df25a5989) Importer(815301076,1909f56bfc062723c751e8b465ee728b)  -> (artifact id: 'ff40ad48d56cc23797ddaac6dc4ee7ab') in 1.630856 seconds 
========================================================================
Received Prepare
Registering precompiled user dll's ...
Registered in 0.006319 seconds.
Begin MonoManager ReloadAssembly
Symbol file LoadedFromMemory doesn't match image D:\SoulvaniaProject\EdensDooR\Library\PackageCache\com.unity.visualscripting@1.8.0\Editor\VisualScripting.Core\Dependencies\YamlDotNet\Unity.VisualScripting.YamlDotNet.dll
Symbol file LoadedFromMemory doesn't match image D:\SoulvaniaProject\EdensDooR\Library\PackageCache\com.unity.visualscripting@1.8.0\Editor\VisualScripting.Core\Dependencies\DotNetZip\Unity.VisualScripting.IonicZip.dll
Native extension for WindowsStandalone target not found
Refreshing native plugins compatible for Editor in 1.10 ms, found 6 plugins.
Preloading 0 native plugins for Editor in 0.00 ms.
Mono: successfully reloaded assembly
- Completed reload, in  1.299 seconds
Domain Reload Profiling:
	ReloadAssembly (1299ms)
		BeginReloadAssembly (164ms)
			ExecutionOrderSort (0ms)
			DisableScriptedObjects (8ms)
			BackupInstance (0ms)
			ReleaseScriptingObjects (0ms)
			CreateAndSetChildDomain (41ms)
		EndReloadAssembly (1044ms)
			LoadAssemblies (123ms)
			RebuildTransferFunctionScriptingTraits (0ms)
			SetupTypeCache (284ms)
			ReleaseScriptCaches (2ms)
			RebuildScriptCaches (72ms)
			SetupLoadedEditorAssemblies (546ms)
				LogAssemblyErrors (0ms)
				InitializePlatformSupportModulesInManaged (5ms)
				SetLoadedEditorAssemblies (0ms)
				RefreshPlugins (1ms)
				BeforeProcessingInitializeOnLoad (79ms)
				ProcessInitializeOnLoadAttributes (421ms)
				ProcessInitializeOnLoadMethodAttributes (38ms)
				AfterProcessingInitializeOnLoad (2ms)
				EditorAssembliesLoaded (0ms)
			ExecutionOrderSort2 (0ms)
			AwakeInstancesAfterBackupRestoration (7ms)
Platform modules already initialized, skipping
Shader 'Custom/RainShader': fallback shader 'Particles/Alpha Blended' not found
Refreshing native plugins compatible for Editor in 2.70 ms, found 6 plugins.
Preloading 0 native plugins for Editor in 0.00 ms.
Unloading 4272 Unused Serialized files (Serialized files now loaded: 0)
Unloading 31 unused Assets / (236.8 KB). Loaded Objects now: 4833.
Memory consumption went from 181.2 MB to 180.9 MB.
Total: 3.912100 ms (FindLiveObjects: 0.344900 ms CreateObjectMapping: 0.290000 ms MarkObjects: 3.099400 ms  DeleteObjects: 0.176800 ms)

AssetImportParameters requested are different than current active one (requested -> active):
  custom:video-decoder-ogg-theora: a1e56fd34408186e4bbccfd4996cb3dc -> 
  custom:container-muxer-webm: aa71ff27fc2769a1b78a27578f13a17b -> 
  custom:container-demuxer-webm: 4f35f7cbe854078d1ac9338744f61a02 -> 
  custom:video-encoder-webm-vp8: eb34c28f22e8b96e1ab97ce403110664 -> 
  custom:video-codec-MediaFoundation-h265: 746d11721c4dcdbdad8f713fa42b33f4 -> 
  custom:audio-encoder-webm-vorbis: bf7c407c2cedff20999df2af8eb42d56 -> 
  custom:framework-win-MediaFoundation: 216162199b28c13a410421893ffa2e32 -> 
  custom:container-demuxer-ogg: 62fdf1f143b41e24485cea50d1cbac27 -> 
  custom:video-decoder-webm-vp8: 9c59270c3fd7afecdb556c50c9e8de78 -> 
  custom:audio-decoder-ogg-vorbis: bf7c407c2cedff20999df2af8eb42d56 -> 
Editor requested this worker to shutdown with reason: Scaling down because of idle timeout
AssetImportWorker is now disconnected from the server
Process exiting
Exiting without the bug reporter. Application will terminate with return code 0