Using pre-set license
Built from '2021.3/staging' branch; Version is '2021.3.23f1 (213b516bf396) revision 2177873'; Using compiler version '192829333'; Build Type 'Release'
OS: 'Windows 11  (10.0.22621) 64bit Core' Language: 'ja' Physical Memory: 16251 MB
BatchMode: 1, IsHumanControllingUs: 0, StartBugReporterOnCrash: 0, Is64bit: 1, IsPro: 1

COMMAND LINE ARGUMENTS:
D:\2021.3.23f1\Editor\Unity.exe
-adb2
-batchMode
-noUpm
-name
AssetImportWorker3
-projectPath
D:/SoulvaniaProject/EdensDooR
-logFile
Logs/AssetImportWorker3.log
-srvPort
54299
Successfully changed project path to: D:/SoulvaniaProject/EdensDooR
D:/SoulvaniaProject/EdensDooR
[UnityMemory] Configuration Parameters - Can be set up in boot.config
    "memorysetup-bucket-allocator-granularity=16"
    "memorysetup-bucket-allocator-bucket-count=8"
    "memorysetup-bucket-allocator-block-size=33554432"
    "memorysetup-bucket-allocator-block-count=8"
    "memorysetup-main-allocator-block-size=16777216"
    "memorysetup-thread-allocator-block-size=16777216"
    "memorysetup-gfx-main-allocator-block-size=16777216"
    "memorysetup-gfx-thread-allocator-block-size=16777216"
    "memorysetup-cache-allocator-block-size=4194304"
    "memorysetup-typetree-allocator-block-size=2097152"
    "memorysetup-profiler-bucket-allocator-granularity=16"
    "memorysetup-profiler-bucket-allocator-bucket-count=8"
    "memorysetup-profiler-bucket-allocator-block-size=33554432"
    "memorysetup-profiler-bucket-allocator-block-count=8"
    "memorysetup-profiler-allocator-block-size=16777216"
    "memorysetup-profiler-editor-allocator-block-size=1048576"
    "memorysetup-temp-allocator-size-main=16777216"
    "memorysetup-job-temp-allocator-block-size=2097152"
    "memorysetup-job-temp-allocator-block-size-background=1048576"
    "memorysetup-job-temp-allocator-reduction-small-platforms=262144"
    "memorysetup-temp-allocator-size-background-worker=32768"
    "memorysetup-temp-allocator-size-job-worker=262144"
    "memorysetup-temp-allocator-size-preload-manager=33554432"
    "memorysetup-temp-allocator-size-nav-mesh-worker=65536"
    "memorysetup-temp-allocator-size-audio-worker=65536"
    "memorysetup-temp-allocator-size-cloud-worker=32768"
    "memorysetup-temp-allocator-size-gi-baking-worker=262144"
    "memorysetup-temp-allocator-size-gfx=262144"
Player connection [19840] Host "[IP] 192.168.2.136 [Port] 0 [Flags] 2 [Guid] 432188971 [EditorId] 432188971 [Version] 1048832 [Id] WindowsEditor(7,LAPTOP-0BMJ3B6K) [Debug] 1 [PackageName] WindowsEditor [ProjectName] Editor" joined multi-casting on [225.0.0.222:54997]...

Player connection [19840] Host "[IP] 192.168.2.136 [Port] 0 [Flags] 2 [Guid] 432188971 [EditorId] 432188971 [Version] 1048832 [Id] WindowsEditor(7,LAPTOP-0BMJ3B6K) [Debug] 1 [PackageName] WindowsEditor [ProjectName] Editor" joined alternative multi-casting on [225.0.0.222:34997]...

Refreshing native plugins compatible for Editor in 113.75 ms, found 6 plugins.
Preloading 0 native plugins for Editor in 0.00 ms.
Initialize engine version: 2021.3.23f1 (213b516bf396)
[Subsystems] Discovering subsystems at path D:/2021.3.23f1/Editor/Data/Resources/UnitySubsystems
[Subsystems] Discovering subsystems at path D:/SoulvaniaProject/EdensDooR/Assets
GfxDevice: creating device client; threaded=0; jobified=0
Direct3D:
    Version:  Direct3D 11.0 [level 11.1]
    Renderer: NVIDIA GeForce GTX 1650 Ti (ID=0x1f95)
    Vendor:   NVIDIA
    VRAM:     3950 MB
    Driver:   31.0.15.4633
Shader 'Custom/RainShader': fallback shader 'Particles/Alpha Blended' not found
Initialize mono
Mono path[0] = 'D:/2021.3.23f1/Editor/Data/Managed'
Mono path[1] = 'D:/2021.3.23f1/Editor/Data/MonoBleedingEdge/lib/mono/unityjit-win32'
Mono config path = 'D:/2021.3.23f1/Editor/Data/MonoBleedingEdge/etc'
Using monoOptions --debugger-agent=transport=dt_socket,embedding=1,server=y,suspend=n,address=127.0.0.1:56020
Begin MonoManager ReloadAssembly
Registering precompiled unity dll's ...
Register platform support module: D:/2021.3.23f1/Editor/Data/PlaybackEngines/WindowsStandaloneSupport/UnityEditor.WindowsStandalone.Extensions.dll
Registered in 0.001419 seconds.
Native extension for WindowsStandalone target not found
Refreshing native plugins compatible for Editor in 109.74 ms, found 6 plugins.
Preloading 0 native plugins for Editor in 0.00 ms.
Mono: successfully reloaded assembly
- Completed reload, in  0.655 seconds
Domain Reload Profiling:
	ReloadAssembly (655ms)
		BeginReloadAssembly (93ms)
			ExecutionOrderSort (0ms)
			DisableScriptedObjects (0ms)
			BackupInstance (0ms)
			ReleaseScriptingObjects (0ms)
			CreateAndSetChildDomain (1ms)
		EndReloadAssembly (478ms)
			LoadAssemblies (92ms)
			RebuildTransferFunctionScriptingTraits (0ms)
			SetupTypeCache (107ms)
			ReleaseScriptCaches (0ms)
			RebuildScriptCaches (43ms)
			SetupLoadedEditorAssemblies (281ms)
				LogAssemblyErrors (0ms)
				InitializePlatformSupportModulesInManaged (6ms)
				SetLoadedEditorAssemblies (0ms)
				RefreshPlugins (110ms)
				BeforeProcessingInitializeOnLoad (1ms)
				ProcessInitializeOnLoadAttributes (120ms)
				ProcessInitializeOnLoadMethodAttributes (44ms)
				AfterProcessingInitializeOnLoad (0ms)
				EditorAssembliesLoaded (0ms)
			ExecutionOrderSort2 (0ms)
			AwakeInstancesAfterBackupRestoration (0ms)
Platform modules already initialized, skipping
Registering precompiled user dll's ...
Registered in 0.006049 seconds.
Begin MonoManager ReloadAssembly
Symbol file LoadedFromMemory doesn't match image D:\SoulvaniaProject\EdensDooR\Library\PackageCache\com.unity.visualscripting@1.8.0\Editor\VisualScripting.Core\Dependencies\YamlDotNet\Unity.VisualScripting.YamlDotNet.dll
Symbol file LoadedFromMemory doesn't match image D:\SoulvaniaProject\EdensDooR\Library\PackageCache\com.unity.visualscripting@1.8.0\Editor\VisualScripting.Core\Dependencies\DotNetZip\Unity.VisualScripting.IonicZip.dll
Native extension for WindowsStandalone target not found
Refreshing native plugins compatible for Editor in 105.23 ms, found 6 plugins.
Preloading 0 native plugins for Editor in 0.00 ms.
Mono: successfully reloaded assembly
- Completed reload, in  1.276 seconds
Domain Reload Profiling:
	ReloadAssembly (1276ms)
		BeginReloadAssembly (123ms)
			ExecutionOrderSort (0ms)
			DisableScriptedObjects (5ms)
			BackupInstance (0ms)
			ReleaseScriptingObjects (0ms)
			CreateAndSetChildDomain (18ms)
		EndReloadAssembly (1059ms)
			LoadAssemblies (107ms)
			RebuildTransferFunctionScriptingTraits (0ms)
			SetupTypeCache (236ms)
			ReleaseScriptCaches (1ms)
			RebuildScriptCaches (68ms)
			SetupLoadedEditorAssemblies (629ms)
				LogAssemblyErrors (0ms)
				InitializePlatformSupportModulesInManaged (3ms)
				SetLoadedEditorAssemblies (0ms)
				RefreshPlugins (105ms)
				BeforeProcessingInitializeOnLoad (87ms)
				ProcessInitializeOnLoadAttributes (399ms)
				ProcessInitializeOnLoadMethodAttributes (33ms)
				AfterProcessingInitializeOnLoad (2ms)
				EditorAssembliesLoaded (0ms)
			ExecutionOrderSort2 (0ms)
			AwakeInstancesAfterBackupRestoration (5ms)
Platform modules already initialized, skipping
========================================================================
Worker process is ready to serve import requests
Shader 'Custom/RainShader': fallback shader 'Particles/Alpha Blended' not found
Launched and connected shader compiler UnityShaderCompiler.exe after 0.15 seconds
Refreshing native plugins compatible for Editor in 0.90 ms, found 6 plugins.
Preloading 0 native plugins for Editor in 0.00 ms.
Unloading 4301 Unused Serialized files (Serialized files now loaded: 0)
Unloading 56 unused Assets / (270.1 KB). Loaded Objects now: 4773.
Memory consumption went from 179.7 MB to 179.4 MB.
Total: 3.608500 ms (FindLiveObjects: 0.339800 ms CreateObjectMapping: 0.290900 ms MarkObjects: 2.834800 ms  DeleteObjects: 0.142100 ms)

AssetImportParameters requested are different than current active one (requested -> active):
  custom:video-decoder-ogg-theora: a1e56fd34408186e4bbccfd4996cb3dc -> 
  custom:container-muxer-webm: aa71ff27fc2769a1b78a27578f13a17b -> 
  custom:container-demuxer-webm: 4f35f7cbe854078d1ac9338744f61a02 -> 
  custom:video-encoder-webm-vp8: eb34c28f22e8b96e1ab97ce403110664 -> 
  custom:video-codec-MediaFoundation-h265: 746d11721c4dcdbdad8f713fa42b33f4 -> 
  custom:audio-encoder-webm-vorbis: bf7c407c2cedff20999df2af8eb42d56 -> 
  custom:framework-win-MediaFoundation: 216162199b28c13a410421893ffa2e32 -> 
  custom:container-demuxer-ogg: 62fdf1f143b41e24485cea50d1cbac27 -> 
  custom:video-decoder-webm-vp8: 9c59270c3fd7afecdb556c50c9e8de78 -> 
  custom:audio-decoder-ogg-vorbis: bf7c407c2cedff20999df2af8eb42d56 -> 
========================================================================
Received Import Request.
  Time since last request: 74895.616502 seconds.
  path: Assets/SU3DJPFont/TextMeshProFont/Selected/mplus-2p-bold SDF.asset
  artifactKey: Guid(fd903416ccaef7c44a3cf18eb9e1ab60) Importer(815301076,1909f56bfc062723c751e8b465ee728b)
Start importing Assets/SU3DJPFont/TextMeshProFont/Selected/mplus-2p-bold SDF.asset using Guid(fd903416ccaef7c44a3cf18eb9e1ab60) Importer(815301076,1909f56bfc062723c751e8b465ee728b)  -> (artifact id: 'c6470e58600c78473e5f8e306de3406e') in 0.846882 seconds 
========================================================================
Received Import Request.
  Time since last request: 3.192798 seconds.
  path: Assets/SU3DJPFont/TextMeshProFont/Dynamic/mplus-2m-thin SDF Dynamic.asset
  artifactKey: Guid(2969ca695cdb331458afd7e08ea97c82) Importer(815301076,1909f56bfc062723c751e8b465ee728b)
Start importing Assets/SU3DJPFont/TextMeshProFont/Dynamic/mplus-2m-thin SDF Dynamic.asset using Guid(2969ca695cdb331458afd7e08ea97c82) Importer(815301076,1909f56bfc062723c751e8b465ee728b)  -> (artifact id: 'ed682405e8dc96e270904b779b03bafa') in 0.032044 seconds 
========================================================================
Received Import Request.
  Time since last request: 0.045348 seconds.
  path: Assets/SU3DJPFont/TextMeshProFont/Dynamic/mplus-2m-medium SDF Dynamic.asset
  artifactKey: Guid(0ff6df91eb3690a4d9dc9311e6850c55) Importer(815301076,1909f56bfc062723c751e8b465ee728b)
Start importing Assets/SU3DJPFont/TextMeshProFont/Dynamic/mplus-2m-medium SDF Dynamic.asset using Guid(0ff6df91eb3690a4d9dc9311e6850c55) Importer(815301076,1909f56bfc062723c751e8b465ee728b)  -> (artifact id: 'd3dc5c87c4c539ec1e5585ad65bcd757') in 0.217496 seconds 
========================================================================
Received Import Request.
  Time since last request: 0.000016 seconds.
  path: Assets/SU3DJPFont/TextMeshProFont/Selected/mplus-2m-regular SDF.asset
  artifactKey: Guid(c2b6fe52bf6e9234184ddcaffd6bde96) Importer(815301076,1909f56bfc062723c751e8b465ee728b)
Start importing Assets/SU3DJPFont/TextMeshProFont/Selected/mplus-2m-regular SDF.asset using Guid(c2b6fe52bf6e9234184ddcaffd6bde96) Importer(815301076,1909f56bfc062723c751e8b465ee728b)  -> (artifact id: '8ee5321ff6845e605894e3b6792065b6') in 0.812168 seconds 
========================================================================
Received Import Request.
  Time since last request: 3.329827 seconds.
  path: Assets/SU3DJPFont/TextMeshProFont/Dynamic/mplus-2m-light SDF Dynamic.asset
  artifactKey: Guid(7921be8cc10c03c478c87035ebcb76a6) Importer(815301076,1909f56bfc062723c751e8b465ee728b)
Start importing Assets/SU3DJPFont/TextMeshProFont/Dynamic/mplus-2m-light SDF Dynamic.asset using Guid(7921be8cc10c03c478c87035ebcb76a6) Importer(815301076,1909f56bfc062723c751e8b465ee728b)  -> (artifact id: '183c2d5031fe95d9215121b05e800221') in 0.021374 seconds 
========================================================================
Received Import Request.
  Time since last request: 6.154837 seconds.
  path: Assets/SU3DJPFont/TextMeshProFont/Selected/mplus-2m-bold SDF.asset
  artifactKey: Guid(122fd77c99b4c11418c5b92968e30e01) Importer(815301076,1909f56bfc062723c751e8b465ee728b)
Start importing Assets/SU3DJPFont/TextMeshProFont/Selected/mplus-2m-bold SDF.asset using Guid(122fd77c99b4c11418c5b92968e30e01) Importer(815301076,1909f56bfc062723c751e8b465ee728b)  -> (artifact id: '9d21ef9b2e7d6562c567c26e7c1fac6f') in 1.074262 seconds 
========================================================================
Received Import Request.
  Time since last request: 3.770141 seconds.
  path: Assets/SU3DJPFont/TextMeshProFont/Dynamic/mplus-2c-regular SDF Dynamic.asset
  artifactKey: Guid(c3868d1a5ce8cc143bd0ce2763d7b21c) Importer(815301076,1909f56bfc062723c751e8b465ee728b)
Start importing Assets/SU3DJPFont/TextMeshProFont/Dynamic/mplus-2c-regular SDF Dynamic.asset using Guid(c3868d1a5ce8cc143bd0ce2763d7b21c) Importer(815301076,1909f56bfc062723c751e8b465ee728b)  -> (artifact id: '24aac4ed7716a719426436337caaac35') in 0.217852 seconds 
========================================================================
Received Import Request.
  Time since last request: 3.884905 seconds.
  path: Assets/SU3DJPFont/TextMeshProFont/Selected/mplus-2c-medium SDF.asset
  artifactKey: Guid(31f8b3fb793f1c748bc6d7d30a21a929) Importer(815301076,1909f56bfc062723c751e8b465ee728b)
Start importing Assets/SU3DJPFont/TextMeshProFont/Selected/mplus-2c-medium SDF.asset using Guid(31f8b3fb793f1c748bc6d7d30a21a929) Importer(815301076,1909f56bfc062723c751e8b465ee728b)  -> (artifact id: '2b4713b57e57c996dd93a47d3ba4255c') in 0.309432 seconds 
========================================================================
Received Import Request.
  Time since last request: 5.303532 seconds.
  path: Assets/SU3DJPFont/TextMeshProFont/Dynamic/mplus-2c-heavy SDF Dynamic.asset
  artifactKey: Guid(d94daef05fa7cc34cb5c81214d5aea3e) Importer(815301076,1909f56bfc062723c751e8b465ee728b)
Start importing Assets/SU3DJPFont/TextMeshProFont/Dynamic/mplus-2c-heavy SDF Dynamic.asset using Guid(d94daef05fa7cc34cb5c81214d5aea3e) Importer(815301076,1909f56bfc062723c751e8b465ee728b)  -> (artifact id: 'bd4078860a7d9190ec04b16e956ba03e') in 0.042977 seconds 
========================================================================
Received Import Request.
  Time since last request: 3.323460 seconds.
  path: Assets/SU3DJPFont/TextMeshProFont/Selected/mplus-2c-bold SDF.asset
  artifactKey: Guid(ce6cd73bef87e7c448c767a5aa75994d) Importer(815301076,1909f56bfc062723c751e8b465ee728b)
Start importing Assets/SU3DJPFont/TextMeshProFont/Selected/mplus-2c-bold SDF.asset using Guid(ce6cd73bef87e7c448c767a5aa75994d) Importer(815301076,1909f56bfc062723c751e8b465ee728b)  -> (artifact id: 'ebc90812939cb6ea91ca6cb490ac7299') in 0.231381 seconds 
========================================================================
Received Import Request.
  Time since last request: 3.631358 seconds.
  path: Assets/SU3DJPFont/TextMeshProFont/Dynamic/mplus-1p-thin SDF Dynamic.asset
  artifactKey: Guid(c2312761d6138d34c97d2fccab8a3507) Importer(815301076,1909f56bfc062723c751e8b465ee728b)
Start importing Assets/SU3DJPFont/TextMeshProFont/Dynamic/mplus-1p-thin SDF Dynamic.asset using Guid(c2312761d6138d34c97d2fccab8a3507) Importer(815301076,1909f56bfc062723c751e8b465ee728b)  -> (artifact id: '49621a4eeeae57ac7266355ddc86391e') in 0.043970 seconds 
========================================================================
Received Import Request.
  Time since last request: 0.036040 seconds.
  path: Assets/SU3DJPFont/TextMeshProFont/Selected/mplus-1p-medium SDF.asset
  artifactKey: Guid(6f27848c0a0f6284aad6e3cb3817e07b) Importer(815301076,1909f56bfc062723c751e8b465ee728b)
Start importing Assets/SU3DJPFont/TextMeshProFont/Selected/mplus-1p-medium SDF.asset using Guid(6f27848c0a0f6284aad6e3cb3817e07b) Importer(815301076,1909f56bfc062723c751e8b465ee728b)  -> (artifact id: '35eda711956b9ff0ce7aeb23a2a60385') in 0.826089 seconds 
========================================================================
Received Import Request.
  Time since last request: 2.390601 seconds.
  path: Assets/SU3DJPFont/TextMeshProFont/Dynamic/mplus-1p-light SDF Dynamic.asset
  artifactKey: Guid(2ac9913cb1b50c44b8b4f382b0e00550) Importer(815301076,1909f56bfc062723c751e8b465ee728b)
Start importing Assets/SU3DJPFont/TextMeshProFont/Dynamic/mplus-1p-light SDF Dynamic.asset using Guid(2ac9913cb1b50c44b8b4f382b0e00550) Importer(815301076,1909f56bfc062723c751e8b465ee728b)  -> (artifact id: '760c5e37a61380a5fdd822c516cefabd') in 0.213062 seconds 
========================================================================
Received Prepare
Registering precompiled user dll's ...
Registered in 0.012518 seconds.
Begin MonoManager ReloadAssembly
Symbol file LoadedFromMemory doesn't match image D:\SoulvaniaProject\EdensDooR\Library\PackageCache\com.unity.visualscripting@1.8.0\Editor\VisualScripting.Core\Dependencies\YamlDotNet\Unity.VisualScripting.YamlDotNet.dll
Symbol file LoadedFromMemory doesn't match image D:\SoulvaniaProject\EdensDooR\Library\PackageCache\com.unity.visualscripting@1.8.0\Editor\VisualScripting.Core\Dependencies\DotNetZip\Unity.VisualScripting.IonicZip.dll
Native extension for WindowsStandalone target not found
Refreshing native plugins compatible for Editor in 0.96 ms, found 6 plugins.
Preloading 0 native plugins for Editor in 0.00 ms.
Mono: successfully reloaded assembly
- Completed reload, in  1.228 seconds
Domain Reload Profiling:
	ReloadAssembly (1229ms)
		BeginReloadAssembly (172ms)
			ExecutionOrderSort (0ms)
			DisableScriptedObjects (6ms)
			BackupInstance (0ms)
			ReleaseScriptingObjects (0ms)
			CreateAndSetChildDomain (42ms)
		EndReloadAssembly (959ms)
			LoadAssemblies (164ms)
			RebuildTransferFunctionScriptingTraits (0ms)
			SetupTypeCache (251ms)
			ReleaseScriptCaches (1ms)
			RebuildScriptCaches (51ms)
			SetupLoadedEditorAssemblies (497ms)
				LogAssemblyErrors (0ms)
				InitializePlatformSupportModulesInManaged (4ms)
				SetLoadedEditorAssemblies (0ms)
				RefreshPlugins (1ms)
				BeforeProcessingInitializeOnLoad (63ms)
				ProcessInitializeOnLoadAttributes (396ms)
				ProcessInitializeOnLoadMethodAttributes (31ms)
				AfterProcessingInitializeOnLoad (2ms)
				EditorAssembliesLoaded (0ms)
			ExecutionOrderSort2 (0ms)
			AwakeInstancesAfterBackupRestoration (9ms)
Platform modules already initialized, skipping
Shader 'Custom/RainShader': fallback shader 'Particles/Alpha Blended' not found
Refreshing native plugins compatible for Editor in 3.65 ms, found 6 plugins.
Preloading 0 native plugins for Editor in 0.00 ms.
Unloading 4271 Unused Serialized files (Serialized files now loaded: 0)
Unloading 31 unused Assets / (236.7 KB). Loaded Objects now: 4832.
Memory consumption went from 181.1 MB to 180.9 MB.
Total: 3.161100 ms (FindLiveObjects: 0.287600 ms CreateObjectMapping: 0.199900 ms MarkObjects: 2.536100 ms  DeleteObjects: 0.136900 ms)

AssetImportParameters requested are different than current active one (requested -> active):
  custom:video-decoder-ogg-theora: a1e56fd34408186e4bbccfd4996cb3dc -> 
  custom:container-muxer-webm: aa71ff27fc2769a1b78a27578f13a17b -> 
  custom:container-demuxer-webm: 4f35f7cbe854078d1ac9338744f61a02 -> 
  custom:video-encoder-webm-vp8: eb34c28f22e8b96e1ab97ce403110664 -> 
  custom:video-codec-MediaFoundation-h265: 746d11721c4dcdbdad8f713fa42b33f4 -> 
  custom:audio-encoder-webm-vorbis: bf7c407c2cedff20999df2af8eb42d56 -> 
  custom:framework-win-MediaFoundation: 216162199b28c13a410421893ffa2e32 -> 
  custom:container-demuxer-ogg: 62fdf1f143b41e24485cea50d1cbac27 -> 
  custom:video-decoder-webm-vp8: 9c59270c3fd7afecdb556c50c9e8de78 -> 
  custom:audio-decoder-ogg-vorbis: bf7c407c2cedff20999df2af8eb42d56 -> 
